0x00000000 GWRITE
0x00000000 G_ACT0
0x08000000 G_ACT1
0x10000000 G_ACT2
0x18000000 G_ACT3
0x00000000 COMP
0x00000040 COMP
0x00000080 COMP
0x000000c0 COMP
0x00000100 COMP
0x00000140 COMP
0x00000180 COMP
0x000001c0 COMP
0x00000200 COMP
0x00000240 COMP
0x00000280 COMP
0x000002c0 COMP
0x00000300 COMP
0x00000340 COMP
0x00000380 COMP
0x000003c0 COMP
0x00000400 COMP
0x00000440 COMP
0x00000480 COMP
0x000004c0 COMP
0x00000500 COMP
0x00000540 COMP
0x00000580 COMP
0x000005c0 COMP
0x00000600 COMP
0x00000640 COMP
0x00000680 COMP
0x000006c0 COMP
0x00000700 COMP
0x00000740 COMP
0x00000780 COMP
0x000007c0 COMP
READRES
0x00000800 G_ACT0
0x08000800 G_ACT1
0x10000800 G_ACT2
0x18000800 G_ACT3
0x00000800 COMP
0x00000840 COMP
0x00000880 COMP
0x000008c0 COMP
0x00000900 COMP
0x00000940 COMP
0x00000980 COMP
0x000009c0 COMP
0x00000a00 COMP
0x00000a40 COMP
0x00000a80 COMP
0x00000ac0 COMP
0x00000b00 COMP
0x00000b40 COMP
0x00000b80 COMP
0x00000bc0 COMP
0x00000c00 COMP
0x00000c40 COMP
0x00000c80 COMP
0x00000cc0 COMP
0x00000d00 COMP
0x00000d40 COMP
0x00000d80 COMP
0x00000dc0 COMP
0x00000e00 COMP
0x00000e40 COMP
0x00000e80 COMP
0x00000ec0 COMP
0x00000f00 COMP
0x00000f40 COMP
0x00000f80 COMP
0x00000fc0 COMP
READRES
0x00001000 G_ACT0
0x08001000 G_ACT1
0x10001000 G_ACT2
0x18001000 G_ACT3
0x00001000 COMP
0x00001040 COMP
0x00001080 COMP
0x000010c0 COMP
0x00001100 COMP
0x00001140 COMP
0x00001180 COMP
0x000011c0 COMP
0x00001200 COMP
0x00001240 COMP
0x00001280 COMP
0x000012c0 COMP
0x00001300 COMP
0x00001340 COMP
0x00001380 COMP
0x000013c0 COMP
0x00001400 COMP
0x00001440 COMP
0x00001480 COMP
0x000014c0 COMP
0x00001500 COMP
0x00001540 COMP
0x00001580 COMP
0x000015c0 COMP
0x00001600 COMP
0x00001640 COMP
0x00001680 COMP
0x000016c0 COMP
0x00001700 COMP
0x00001740 COMP
0x00001780 COMP
0x000017c0 COMP
READRES
0x00001800 G_ACT0
0x08001800 G_ACT1
0x10001800 G_ACT2
0x18001800 G_ACT3
0x00001800 COMP
0x00001840 COMP
0x00001880 COMP
0x000018c0 COMP
0x00001900 COMP
0x00001940 COMP
0x00001980 COMP
0x000019c0 COMP
0x00001a00 COMP
0x00001a40 COMP
0x00001a80 COMP
0x00001ac0 COMP
0x00001b00 COMP
0x00001b40 COMP
0x00001b80 COMP
0x00001bc0 COMP
0x00001c00 COMP
0x00001c40 COMP
0x00001c80 COMP
0x00001cc0 COMP
0x00001d00 COMP
0x00001d40 COMP
0x00001d80 COMP
0x00001dc0 COMP
0x00001e00 COMP
0x00001e40 COMP
0x00001e80 COMP
0x00001ec0 COMP
0x00001f00 COMP
0x00001f40 COMP
0x00001f80 COMP
0x00001fc0 COMP
READRES
0x00002000 G_ACT0
0x08002000 G_ACT1
0x10002000 G_ACT2
0x18002000 G_ACT3
0x00002000 COMP
0x00002040 COMP
0x00002080 COMP
0x000020c0 COMP
0x00002100 COMP
0x00002140 COMP
0x00002180 COMP
0x000021c0 COMP
0x00002200 COMP
0x00002240 COMP
0x00002280 COMP
0x000022c0 COMP
0x00002300 COMP
0x00002340 COMP
0x00002380 COMP
0x000023c0 COMP
0x00002400 COMP
0x00002440 COMP
0x00002480 COMP
0x000024c0 COMP
0x00002500 COMP
0x00002540 COMP
0x00002580 COMP
0x000025c0 COMP
0x00002600 COMP
0x00002640 COMP
0x00002680 COMP
0x000026c0 COMP
0x00002700 COMP
0x00002740 COMP
0x00002780 COMP
0x000027c0 COMP
READRES
0x00002800 G_ACT0
0x08002800 G_ACT1
0x10002800 G_ACT2
0x18002800 G_ACT3
0x00002800 COMP
0x00002840 COMP
0x00002880 COMP
0x000028c0 COMP
0x00002900 COMP
0x00002940 COMP
0x00002980 COMP
0x000029c0 COMP
0x00002a00 COMP
0x00002a40 COMP
0x00002a80 COMP
0x00002ac0 COMP
0x00002b00 COMP
0x00002b40 COMP
0x00002b80 COMP
0x00002bc0 COMP
0x00002c00 COMP
0x00002c40 COMP
0x00002c80 COMP
0x00002cc0 COMP
0x00002d00 COMP
0x00002d40 COMP
0x00002d80 COMP
0x00002dc0 COMP
0x00002e00 COMP
0x00002e40 COMP
0x00002e80 COMP
0x00002ec0 COMP
0x00002f00 COMP
0x00002f40 COMP
0x00002f80 COMP
0x00002fc0 COMP
READRES
0x00003000 G_ACT0
0x08003000 G_ACT1
0x10003000 G_ACT2
0x18003000 G_ACT3
0x00003000 COMP
0x00003040 COMP
0x00003080 COMP
0x000030c0 COMP
0x00003100 COMP
0x00003140 COMP
0x00003180 COMP
0x000031c0 COMP
0x00003200 COMP
0x00003240 COMP
0x00003280 COMP
0x000032c0 COMP
0x00003300 COMP
0x00003340 COMP
0x00003380 COMP
0x000033c0 COMP
0x00003400 COMP
0x00003440 COMP
0x00003480 COMP
0x000034c0 COMP
0x00003500 COMP
0x00003540 COMP
0x00003580 COMP
0x000035c0 COMP
0x00003600 COMP
0x00003640 COMP
0x00003680 COMP
0x000036c0 COMP
0x00003700 COMP
0x00003740 COMP
0x00003780 COMP
0x000037c0 COMP
READRES
0x00003800 G_ACT0
0x08003800 G_ACT1
0x10003800 G_ACT2
0x18003800 G_ACT3
0x00003800 COMP
0x00003840 COMP
0x00003880 COMP
0x000038c0 COMP
0x00003900 COMP
0x00003940 COMP
0x00003980 COMP
0x000039c0 COMP
0x00003a00 COMP
0x00003a40 COMP
0x00003a80 COMP
0x00003ac0 COMP
0x00003b00 COMP
0x00003b40 COMP
0x00003b80 COMP
0x00003bc0 COMP
0x00003c00 COMP
0x00003c40 COMP
0x00003c80 COMP
0x00003cc0 COMP
0x00003d00 COMP
0x00003d40 COMP
0x00003d80 COMP
0x00003dc0 COMP
0x00003e00 COMP
0x00003e40 COMP
0x00003e80 COMP
0x00003ec0 COMP
0x00003f00 COMP
0x00003f40 COMP
0x00003f80 COMP
0x00003fc0 COMP
READRES
0x00004000 G_ACT0
0x08004000 G_ACT1
0x10004000 G_ACT2
0x18004000 G_ACT3
0x00004000 COMP
0x00004040 COMP
0x00004080 COMP
0x000040c0 COMP
0x00004100 COMP
0x00004140 COMP
0x00004180 COMP
0x000041c0 COMP
0x00004200 COMP
0x00004240 COMP
0x00004280 COMP
0x000042c0 COMP
0x00004300 COMP
0x00004340 COMP
0x00004380 COMP
0x000043c0 COMP
0x00004400 COMP
0x00004440 COMP
0x00004480 COMP
0x000044c0 COMP
0x00004500 COMP
0x00004540 COMP
0x00004580 COMP
0x000045c0 COMP
0x00004600 COMP
0x00004640 COMP
0x00004680 COMP
0x000046c0 COMP
0x00004700 COMP
0x00004740 COMP
0x00004780 COMP
0x000047c0 COMP
READRES
0x00004800 G_ACT0
0x08004800 G_ACT1
0x10004800 G_ACT2
0x18004800 G_ACT3
0x00004800 COMP
0x00004840 COMP
0x00004880 COMP
0x000048c0 COMP
0x00004900 COMP
0x00004940 COMP
0x00004980 COMP
0x000049c0 COMP
0x00004a00 COMP
0x00004a40 COMP
0x00004a80 COMP
0x00004ac0 COMP
0x00004b00 COMP
0x00004b40 COMP
0x00004b80 COMP
0x00004bc0 COMP
0x00004c00 COMP
0x00004c40 COMP
0x00004c80 COMP
0x00004cc0 COMP
0x00004d00 COMP
0x00004d40 COMP
0x00004d80 COMP
0x00004dc0 COMP
0x00004e00 COMP
0x00004e40 COMP
0x00004e80 COMP
0x00004ec0 COMP
0x00004f00 COMP
0x00004f40 COMP
0x00004f80 COMP
0x00004fc0 COMP
READRES
0x00005000 G_ACT0
0x08005000 G_ACT1
0x10005000 G_ACT2
0x18005000 G_ACT3
0x00005000 COMP
0x00005040 COMP
0x00005080 COMP
0x000050c0 COMP
0x00005100 COMP
0x00005140 COMP
0x00005180 COMP
0x000051c0 COMP
0x00005200 COMP
0x00005240 COMP
0x00005280 COMP
0x000052c0 COMP
0x00005300 COMP
0x00005340 COMP
0x00005380 COMP
0x000053c0 COMP
0x00005400 COMP
0x00005440 COMP
0x00005480 COMP
0x000054c0 COMP
0x00005500 COMP
0x00005540 COMP
0x00005580 COMP
0x000055c0 COMP
0x00005600 COMP
0x00005640 COMP
0x00005680 COMP
0x000056c0 COMP
0x00005700 COMP
0x00005740 COMP
0x00005780 COMP
0x000057c0 COMP
READRES
0x00005800 G_ACT0
0x08005800 G_ACT1
0x10005800 G_ACT2
0x18005800 G_ACT3
0x00005800 COMP
0x00005840 COMP
0x00005880 COMP
0x000058c0 COMP
0x00005900 COMP
0x00005940 COMP
0x00005980 COMP
0x000059c0 COMP
0x00005a00 COMP
0x00005a40 COMP
0x00005a80 COMP
0x00005ac0 COMP
0x00005b00 COMP
0x00005b40 COMP
0x00005b80 COMP
0x00005bc0 COMP
0x00005c00 COMP
0x00005c40 COMP
0x00005c80 COMP
0x00005cc0 COMP
0x00005d00 COMP
0x00005d40 COMP
0x00005d80 COMP
0x00005dc0 COMP
0x00005e00 COMP
0x00005e40 COMP
0x00005e80 COMP
0x00005ec0 COMP
0x00005f00 COMP
0x00005f40 COMP
0x00005f80 COMP
0x00005fc0 COMP
READRES
0x00006000 G_ACT0
0x08006000 G_ACT1
0x10006000 G_ACT2
0x18006000 G_ACT3
0x00006000 COMP
0x00006040 COMP
0x00006080 COMP
0x000060c0 COMP
0x00006100 COMP
0x00006140 COMP
0x00006180 COMP
0x000061c0 COMP
0x00006200 COMP
0x00006240 COMP
0x00006280 COMP
0x000062c0 COMP
0x00006300 COMP
0x00006340 COMP
0x00006380 COMP
0x000063c0 COMP
0x00006400 COMP
0x00006440 COMP
0x00006480 COMP
0x000064c0 COMP
0x00006500 COMP
0x00006540 COMP
0x00006580 COMP
0x000065c0 COMP
0x00006600 COMP
0x00006640 COMP
0x00006680 COMP
0x000066c0 COMP
0x00006700 COMP
0x00006740 COMP
0x00006780 COMP
0x000067c0 COMP
READRES
0x00006800 G_ACT0
0x08006800 G_ACT1
0x10006800 G_ACT2
0x18006800 G_ACT3
0x00006800 COMP
0x00006840 COMP
0x00006880 COMP
0x000068c0 COMP
0x00006900 COMP
0x00006940 COMP
0x00006980 COMP
0x000069c0 COMP
0x00006a00 COMP
0x00006a40 COMP
0x00006a80 COMP
0x00006ac0 COMP
0x00006b00 COMP
0x00006b40 COMP
0x00006b80 COMP
0x00006bc0 COMP
0x00006c00 COMP
0x00006c40 COMP
0x00006c80 COMP
0x00006cc0 COMP
0x00006d00 COMP
0x00006d40 COMP
0x00006d80 COMP
0x00006dc0 COMP
0x00006e00 COMP
0x00006e40 COMP
0x00006e80 COMP
0x00006ec0 COMP
0x00006f00 COMP
0x00006f40 COMP
0x00006f80 COMP
0x00006fc0 COMP
READRES
0x00007000 G_ACT0
0x08007000 G_ACT1
0x10007000 G_ACT2
0x18007000 G_ACT3
0x00007000 COMP
0x00007040 COMP
0x00007080 COMP
0x000070c0 COMP
0x00007100 COMP
0x00007140 COMP
0x00007180 COMP
0x000071c0 COMP
0x00007200 COMP
0x00007240 COMP
0x00007280 COMP
0x000072c0 COMP
0x00007300 COMP
0x00007340 COMP
0x00007380 COMP
0x000073c0 COMP
0x00007400 COMP
0x00007440 COMP
0x00007480 COMP
0x000074c0 COMP
0x00007500 COMP
0x00007540 COMP
0x00007580 COMP
0x000075c0 COMP
0x00007600 COMP
0x00007640 COMP
0x00007680 COMP
0x000076c0 COMP
0x00007700 COMP
0x00007740 COMP
0x00007780 COMP
0x000077c0 COMP
READRES
0x00007800 G_ACT0
0x08007800 G_ACT1
0x10007800 G_ACT2
0x18007800 G_ACT3
0x00007800 COMP
0x00007840 COMP
0x00007880 COMP
0x000078c0 COMP
0x00007900 COMP
0x00007940 COMP
0x00007980 COMP
0x000079c0 COMP
0x00007a00 COMP
0x00007a40 COMP
0x00007a80 COMP
0x00007ac0 COMP
0x00007b00 COMP
0x00007b40 COMP
0x00007b80 COMP
0x00007bc0 COMP
0x00007c00 COMP
0x00007c40 COMP
0x00007c80 COMP
0x00007cc0 COMP
0x00007d00 COMP
0x00007d40 COMP
0x00007d80 COMP
0x00007dc0 COMP
0x00007e00 COMP
0x00007e40 COMP
0x00007e80 COMP
0x00007ec0 COMP
0x00007f00 COMP
0x00007f40 COMP
0x00007f80 COMP
0x00007fc0 COMP
READRES
0x00008000 G_ACT0
0x08008000 G_ACT1
0x10008000 G_ACT2
0x18008000 G_ACT3
0x00008000 COMP
0x00008040 COMP
0x00008080 COMP
0x000080c0 COMP
0x00008100 COMP
0x00008140 COMP
0x00008180 COMP
0x000081c0 COMP
0x00008200 COMP
0x00008240 COMP
0x00008280 COMP
0x000082c0 COMP
0x00008300 COMP
0x00008340 COMP
0x00008380 COMP
0x000083c0 COMP
0x00008400 COMP
0x00008440 COMP
0x00008480 COMP
0x000084c0 COMP
0x00008500 COMP
0x00008540 COMP
0x00008580 COMP
0x000085c0 COMP
0x00008600 COMP
0x00008640 COMP
0x00008680 COMP
0x000086c0 COMP
0x00008700 COMP
0x00008740 COMP
0x00008780 COMP
0x000087c0 COMP
READRES
0x00008800 G_ACT0
0x08008800 G_ACT1
0x10008800 G_ACT2
0x18008800 G_ACT3
0x00008800 COMP
0x00008840 COMP
0x00008880 COMP
0x000088c0 COMP
0x00008900 COMP
0x00008940 COMP
0x00008980 COMP
0x000089c0 COMP
0x00008a00 COMP
0x00008a40 COMP
0x00008a80 COMP
0x00008ac0 COMP
0x00008b00 COMP
0x00008b40 COMP
0x00008b80 COMP
0x00008bc0 COMP
0x00008c00 COMP
0x00008c40 COMP
0x00008c80 COMP
0x00008cc0 COMP
0x00008d00 COMP
0x00008d40 COMP
0x00008d80 COMP
0x00008dc0 COMP
0x00008e00 COMP
0x00008e40 COMP
0x00008e80 COMP
0x00008ec0 COMP
0x00008f00 COMP
0x00008f40 COMP
0x00008f80 COMP
0x00008fc0 COMP
READRES
0x00009000 G_ACT0
0x08009000 G_ACT1
0x10009000 G_ACT2
0x18009000 G_ACT3
0x00009000 COMP
0x00009040 COMP
0x00009080 COMP
0x000090c0 COMP
0x00009100 COMP
0x00009140 COMP
0x00009180 COMP
0x000091c0 COMP
0x00009200 COMP
0x00009240 COMP
0x00009280 COMP
0x000092c0 COMP
0x00009300 COMP
0x00009340 COMP
0x00009380 COMP
0x000093c0 COMP
0x00009400 COMP
0x00009440 COMP
0x00009480 COMP
0x000094c0 COMP
0x00009500 COMP
0x00009540 COMP
0x00009580 COMP
0x000095c0 COMP
0x00009600 COMP
0x00009640 COMP
0x00009680 COMP
0x000096c0 COMP
0x00009700 COMP
0x00009740 COMP
0x00009780 COMP
0x000097c0 COMP
READRES
0x00009800 G_ACT0
0x08009800 G_ACT1
0x10009800 G_ACT2
0x18009800 G_ACT3
0x00009800 COMP
0x00009840 COMP
0x00009880 COMP
0x000098c0 COMP
0x00009900 COMP
0x00009940 COMP
0x00009980 COMP
0x000099c0 COMP
0x00009a00 COMP
0x00009a40 COMP
0x00009a80 COMP
0x00009ac0 COMP
0x00009b00 COMP
0x00009b40 COMP
0x00009b80 COMP
0x00009bc0 COMP
0x00009c00 COMP
0x00009c40 COMP
0x00009c80 COMP
0x00009cc0 COMP
0x00009d00 COMP
0x00009d40 COMP
0x00009d80 COMP
0x00009dc0 COMP
0x00009e00 COMP
0x00009e40 COMP
0x00009e80 COMP
0x00009ec0 COMP
0x00009f00 COMP
0x00009f40 COMP
0x00009f80 COMP
0x00009fc0 COMP
READRES
0x0000a000 G_ACT0
0x0800a000 G_ACT1
0x1000a000 G_ACT2
0x1800a000 G_ACT3
0x0000a000 COMP
0x0000a040 COMP
0x0000a080 COMP
0x0000a0c0 COMP
0x0000a100 COMP
0x0000a140 COMP
0x0000a180 COMP
0x0000a1c0 COMP
0x0000a200 COMP
0x0000a240 COMP
0x0000a280 COMP
0x0000a2c0 COMP
0x0000a300 COMP
0x0000a340 COMP
0x0000a380 COMP
0x0000a3c0 COMP
0x0000a400 COMP
0x0000a440 COMP
0x0000a480 COMP
0x0000a4c0 COMP
0x0000a500 COMP
0x0000a540 COMP
0x0000a580 COMP
0x0000a5c0 COMP
0x0000a600 COMP
0x0000a640 COMP
0x0000a680 COMP
0x0000a6c0 COMP
0x0000a700 COMP
0x0000a740 COMP
0x0000a780 COMP
0x0000a7c0 COMP
READRES
0x0000a800 G_ACT0
0x0800a800 G_ACT1
0x1000a800 G_ACT2
0x1800a800 G_ACT3
0x0000a800 COMP
0x0000a840 COMP
0x0000a880 COMP
0x0000a8c0 COMP
0x0000a900 COMP
0x0000a940 COMP
0x0000a980 COMP
0x0000a9c0 COMP
0x0000aa00 COMP
0x0000aa40 COMP
0x0000aa80 COMP
0x0000aac0 COMP
0x0000ab00 COMP
0x0000ab40 COMP
0x0000ab80 COMP
0x0000abc0 COMP
0x0000ac00 COMP
0x0000ac40 COMP
0x0000ac80 COMP
0x0000acc0 COMP
0x0000ad00 COMP
0x0000ad40 COMP
0x0000ad80 COMP
0x0000adc0 COMP
0x0000ae00 COMP
0x0000ae40 COMP
0x0000ae80 COMP
0x0000aec0 COMP
0x0000af00 COMP
0x0000af40 COMP
0x0000af80 COMP
0x0000afc0 COMP
READRES
0x0000b000 G_ACT0
0x0800b000 G_ACT1
0x1000b000 G_ACT2
0x1800b000 G_ACT3
0x0000b000 COMP
0x0000b040 COMP
0x0000b080 COMP
0x0000b0c0 COMP
0x0000b100 COMP
0x0000b140 COMP
0x0000b180 COMP
0x0000b1c0 COMP
0x0000b200 COMP
0x0000b240 COMP
0x0000b280 COMP
0x0000b2c0 COMP
0x0000b300 COMP
0x0000b340 COMP
0x0000b380 COMP
0x0000b3c0 COMP
0x0000b400 COMP
0x0000b440 COMP
0x0000b480 COMP
0x0000b4c0 COMP
0x0000b500 COMP
0x0000b540 COMP
0x0000b580 COMP
0x0000b5c0 COMP
0x0000b600 COMP
0x0000b640 COMP
0x0000b680 COMP
0x0000b6c0 COMP
0x0000b700 COMP
0x0000b740 COMP
0x0000b780 COMP
0x0000b7c0 COMP
READRES
0x0000b800 G_ACT0
0x0800b800 G_ACT1
0x1000b800 G_ACT2
0x1800b800 G_ACT3
0x0000b800 COMP
0x0000b840 COMP
0x0000b880 COMP
0x0000b8c0 COMP
0x0000b900 COMP
0x0000b940 COMP
0x0000b980 COMP
0x0000b9c0 COMP
0x0000ba00 COMP
0x0000ba40 COMP
0x0000ba80 COMP
0x0000bac0 COMP
0x0000bb00 COMP
0x0000bb40 COMP
0x0000bb80 COMP
0x0000bbc0 COMP
0x0000bc00 COMP
0x0000bc40 COMP
0x0000bc80 COMP
0x0000bcc0 COMP
0x0000bd00 COMP
0x0000bd40 COMP
0x0000bd80 COMP
0x0000bdc0 COMP
0x0000be00 COMP
0x0000be40 COMP
0x0000be80 COMP
0x0000bec0 COMP
0x0000bf00 COMP
0x0000bf40 COMP
0x0000bf80 COMP
0x0000bfc0 COMP
READRES
0x0000c000 G_ACT0
0x0800c000 G_ACT1
0x1000c000 G_ACT2
0x1800c000 G_ACT3
0x0000c000 COMP
0x0000c040 COMP
0x0000c080 COMP
0x0000c0c0 COMP
0x0000c100 COMP
0x0000c140 COMP
0x0000c180 COMP
0x0000c1c0 COMP
0x0000c200 COMP
0x0000c240 COMP
0x0000c280 COMP
0x0000c2c0 COMP
0x0000c300 COMP
0x0000c340 COMP
0x0000c380 COMP
0x0000c3c0 COMP
0x0000c400 COMP
0x0000c440 COMP
0x0000c480 COMP
0x0000c4c0 COMP
0x0000c500 COMP
0x0000c540 COMP
0x0000c580 COMP
0x0000c5c0 COMP
0x0000c600 COMP
0x0000c640 COMP
0x0000c680 COMP
0x0000c6c0 COMP
0x0000c700 COMP
0x0000c740 COMP
0x0000c780 COMP
0x0000c7c0 COMP
READRES
0x0000c800 G_ACT0
0x0800c800 G_ACT1
0x1000c800 G_ACT2
0x1800c800 G_ACT3
0x0000c800 COMP
0x0000c840 COMP
0x0000c880 COMP
0x0000c8c0 COMP
0x0000c900 COMP
0x0000c940 COMP
0x0000c980 COMP
0x0000c9c0 COMP
0x0000ca00 COMP
0x0000ca40 COMP
0x0000ca80 COMP
0x0000cac0 COMP
0x0000cb00 COMP
0x0000cb40 COMP
0x0000cb80 COMP
0x0000cbc0 COMP
0x0000cc00 COMP
0x0000cc40 COMP
0x0000cc80 COMP
0x0000ccc0 COMP
0x0000cd00 COMP
0x0000cd40 COMP
0x0000cd80 COMP
0x0000cdc0 COMP
0x0000ce00 COMP
0x0000ce40 COMP
0x0000ce80 COMP
0x0000cec0 COMP
0x0000cf00 COMP
0x0000cf40 COMP
0x0000cf80 COMP
0x0000cfc0 COMP
READRES
0x0000d000 G_ACT0
0x0800d000 G_ACT1
0x1000d000 G_ACT2
0x1800d000 G_ACT3
0x0000d000 COMP
0x0000d040 COMP
0x0000d080 COMP
0x0000d0c0 COMP
0x0000d100 COMP
0x0000d140 COMP
0x0000d180 COMP
0x0000d1c0 COMP
0x0000d200 COMP
0x0000d240 COMP
0x0000d280 COMP
0x0000d2c0 COMP
0x0000d300 COMP
0x0000d340 COMP
0x0000d380 COMP
0x0000d3c0 COMP
0x0000d400 COMP
0x0000d440 COMP
0x0000d480 COMP
0x0000d4c0 COMP
0x0000d500 COMP
0x0000d540 COMP
0x0000d580 COMP
0x0000d5c0 COMP
0x0000d600 COMP
0x0000d640 COMP
0x0000d680 COMP
0x0000d6c0 COMP
0x0000d700 COMP
0x0000d740 COMP
0x0000d780 COMP
0x0000d7c0 COMP
READRES
0x0000d800 G_ACT0
0x0800d800 G_ACT1
0x1000d800 G_ACT2
0x1800d800 G_ACT3
0x0000d800 COMP
0x0000d840 COMP
0x0000d880 COMP
0x0000d8c0 COMP
0x0000d900 COMP
0x0000d940 COMP
0x0000d980 COMP
0x0000d9c0 COMP
0x0000da00 COMP
0x0000da40 COMP
0x0000da80 COMP
0x0000dac0 COMP
0x0000db00 COMP
0x0000db40 COMP
0x0000db80 COMP
0x0000dbc0 COMP
0x0000dc00 COMP
0x0000dc40 COMP
0x0000dc80 COMP
0x0000dcc0 COMP
0x0000dd00 COMP
0x0000dd40 COMP
0x0000dd80 COMP
0x0000ddc0 COMP
0x0000de00 COMP
0x0000de40 COMP
0x0000de80 COMP
0x0000dec0 COMP
0x0000df00 COMP
0x0000df40 COMP
0x0000df80 COMP
0x0000dfc0 COMP
READRES
0x0000e000 G_ACT0
0x0800e000 G_ACT1
0x1000e000 G_ACT2
0x1800e000 G_ACT3
0x0000e000 COMP
0x0000e040 COMP
0x0000e080 COMP
0x0000e0c0 COMP
0x0000e100 COMP
0x0000e140 COMP
0x0000e180 COMP
0x0000e1c0 COMP
0x0000e200 COMP
0x0000e240 COMP
0x0000e280 COMP
0x0000e2c0 COMP
0x0000e300 COMP
0x0000e340 COMP
0x0000e380 COMP
0x0000e3c0 COMP
0x0000e400 COMP
0x0000e440 COMP
0x0000e480 COMP
0x0000e4c0 COMP
0x0000e500 COMP
0x0000e540 COMP
0x0000e580 COMP
0x0000e5c0 COMP
0x0000e600 COMP
0x0000e640 COMP
0x0000e680 COMP
0x0000e6c0 COMP
0x0000e700 COMP
0x0000e740 COMP
0x0000e780 COMP
0x0000e7c0 COMP
READRES
0x0000e800 G_ACT0
0x0800e800 G_ACT1
0x1000e800 G_ACT2
0x1800e800 G_ACT3
0x0000e800 COMP
0x0000e840 COMP
0x0000e880 COMP
0x0000e8c0 COMP
0x0000e900 COMP
0x0000e940 COMP
0x0000e980 COMP
0x0000e9c0 COMP
0x0000ea00 COMP
0x0000ea40 COMP
0x0000ea80 COMP
0x0000eac0 COMP
0x0000eb00 COMP
0x0000eb40 COMP
0x0000eb80 COMP
0x0000ebc0 COMP
0x0000ec00 COMP
0x0000ec40 COMP
0x0000ec80 COMP
0x0000ecc0 COMP
0x0000ed00 COMP
0x0000ed40 COMP
0x0000ed80 COMP
0x0000edc0 COMP
0x0000ee00 COMP
0x0000ee40 COMP
0x0000ee80 COMP
0x0000eec0 COMP
0x0000ef00 COMP
0x0000ef40 COMP
0x0000ef80 COMP
0x0000efc0 COMP
READRES
0x0000f000 G_ACT0
0x0800f000 G_ACT1
0x1000f000 G_ACT2
0x1800f000 G_ACT3
0x0000f000 COMP
0x0000f040 COMP
0x0000f080 COMP
0x0000f0c0 COMP
0x0000f100 COMP
0x0000f140 COMP
0x0000f180 COMP
0x0000f1c0 COMP
0x0000f200 COMP
0x0000f240 COMP
0x0000f280 COMP
0x0000f2c0 COMP
0x0000f300 COMP
0x0000f340 COMP
0x0000f380 COMP
0x0000f3c0 COMP
0x0000f400 COMP
0x0000f440 COMP
0x0000f480 COMP
0x0000f4c0 COMP
0x0000f500 COMP
0x0000f540 COMP
0x0000f580 COMP
0x0000f5c0 COMP
0x0000f600 COMP
0x0000f640 COMP
0x0000f680 COMP
0x0000f6c0 COMP
0x0000f700 COMP
0x0000f740 COMP
0x0000f780 COMP
0x0000f7c0 COMP
READRES
0x0000f800 G_ACT0
0x0800f800 G_ACT1
0x1000f800 G_ACT2
0x1800f800 G_ACT3
0x0000f800 COMP
0x0000f840 COMP
0x0000f880 COMP
0x0000f8c0 COMP
0x0000f900 COMP
0x0000f940 COMP
0x0000f980 COMP
0x0000f9c0 COMP
0x0000fa00 COMP
0x0000fa40 COMP
0x0000fa80 COMP
0x0000fac0 COMP
0x0000fb00 COMP
0x0000fb40 COMP
0x0000fb80 COMP
0x0000fbc0 COMP
0x0000fc00 COMP
0x0000fc40 COMP
0x0000fc80 COMP
0x0000fcc0 COMP
0x0000fd00 COMP
0x0000fd40 COMP
0x0000fd80 COMP
0x0000fdc0 COMP
0x0000fe00 COMP
0x0000fe40 COMP
0x0000fe80 COMP
0x0000fec0 COMP
0x0000ff00 COMP
0x0000ff40 COMP
0x0000ff80 COMP
0x0000ffc0 COMP
READRES
0x00010000 G_ACT0
0x08010000 G_ACT1
0x10010000 G_ACT2
0x18010000 G_ACT3
0x00010000 COMP
0x00010040 COMP
0x00010080 COMP
0x000100c0 COMP
0x00010100 COMP
0x00010140 COMP
0x00010180 COMP
0x000101c0 COMP
0x00010200 COMP
0x00010240 COMP
0x00010280 COMP
0x000102c0 COMP
0x00010300 COMP
0x00010340 COMP
0x00010380 COMP
0x000103c0 COMP
0x00010400 COMP
0x00010440 COMP
0x00010480 COMP
0x000104c0 COMP
0x00010500 COMP
0x00010540 COMP
0x00010580 COMP
0x000105c0 COMP
0x00010600 COMP
0x00010640 COMP
0x00010680 COMP
0x000106c0 COMP
0x00010700 COMP
0x00010740 COMP
0x00010780 COMP
0x000107c0 COMP
READRES
0x00010800 G_ACT0
0x08010800 G_ACT1
0x10010800 G_ACT2
0x18010800 G_ACT3
0x00010800 COMP
0x00010840 COMP
0x00010880 COMP
0x000108c0 COMP
0x00010900 COMP
0x00010940 COMP
0x00010980 COMP
0x000109c0 COMP
0x00010a00 COMP
0x00010a40 COMP
0x00010a80 COMP
0x00010ac0 COMP
0x00010b00 COMP
0x00010b40 COMP
0x00010b80 COMP
0x00010bc0 COMP
0x00010c00 COMP
0x00010c40 COMP
0x00010c80 COMP
0x00010cc0 COMP
0x00010d00 COMP
0x00010d40 COMP
0x00010d80 COMP
0x00010dc0 COMP
0x00010e00 COMP
0x00010e40 COMP
0x00010e80 COMP
0x00010ec0 COMP
0x00010f00 COMP
0x00010f40 COMP
0x00010f80 COMP
0x00010fc0 COMP
READRES
0x00011000 G_ACT0
0x08011000 G_ACT1
0x10011000 G_ACT2
0x18011000 G_ACT3
0x00011000 COMP
0x00011040 COMP
0x00011080 COMP
0x000110c0 COMP
0x00011100 COMP
0x00011140 COMP
0x00011180 COMP
0x000111c0 COMP
0x00011200 COMP
0x00011240 COMP
0x00011280 COMP
0x000112c0 COMP
0x00011300 COMP
0x00011340 COMP
0x00011380 COMP
0x000113c0 COMP
0x00011400 COMP
0x00011440 COMP
0x00011480 COMP
0x000114c0 COMP
0x00011500 COMP
0x00011540 COMP
0x00011580 COMP
0x000115c0 COMP
0x00011600 COMP
0x00011640 COMP
0x00011680 COMP
0x000116c0 COMP
0x00011700 COMP
0x00011740 COMP
0x00011780 COMP
0x000117c0 COMP
READRES
0x00011800 G_ACT0
0x08011800 G_ACT1
0x10011800 G_ACT2
0x18011800 G_ACT3
0x00011800 COMP
0x00011840 COMP
0x00011880 COMP
0x000118c0 COMP
0x00011900 COMP
0x00011940 COMP
0x00011980 COMP
0x000119c0 COMP
0x00011a00 COMP
0x00011a40 COMP
0x00011a80 COMP
0x00011ac0 COMP
0x00011b00 COMP
0x00011b40 COMP
0x00011b80 COMP
0x00011bc0 COMP
0x00011c00 COMP
0x00011c40 COMP
0x00011c80 COMP
0x00011cc0 COMP
0x00011d00 COMP
0x00011d40 COMP
0x00011d80 COMP
0x00011dc0 COMP
0x00011e00 COMP
0x00011e40 COMP
0x00011e80 COMP
0x00011ec0 COMP
0x00011f00 COMP
0x00011f40 COMP
0x00011f80 COMP
0x00011fc0 COMP
READRES
0x00012000 G_ACT0
0x08012000 G_ACT1
0x10012000 G_ACT2
0x18012000 G_ACT3
0x00012000 COMP
0x00012040 COMP
0x00012080 COMP
0x000120c0 COMP
0x00012100 COMP
0x00012140 COMP
0x00012180 COMP
0x000121c0 COMP
0x00012200 COMP
0x00012240 COMP
0x00012280 COMP
0x000122c0 COMP
0x00012300 COMP
0x00012340 COMP
0x00012380 COMP
0x000123c0 COMP
0x00012400 COMP
0x00012440 COMP
0x00012480 COMP
0x000124c0 COMP
0x00012500 COMP
0x00012540 COMP
0x00012580 COMP
0x000125c0 COMP
0x00012600 COMP
0x00012640 COMP
0x00012680 COMP
0x000126c0 COMP
0x00012700 COMP
0x00012740 COMP
0x00012780 COMP
0x000127c0 COMP
READRES
0x00012800 G_ACT0
0x08012800 G_ACT1
0x10012800 G_ACT2
0x18012800 G_ACT3
0x00012800 COMP
0x00012840 COMP
0x00012880 COMP
0x000128c0 COMP
0x00012900 COMP
0x00012940 COMP
0x00012980 COMP
0x000129c0 COMP
0x00012a00 COMP
0x00012a40 COMP
0x00012a80 COMP
0x00012ac0 COMP
0x00012b00 COMP
0x00012b40 COMP
0x00012b80 COMP
0x00012bc0 COMP
0x00012c00 COMP
0x00012c40 COMP
0x00012c80 COMP
0x00012cc0 COMP
0x00012d00 COMP
0x00012d40 COMP
0x00012d80 COMP
0x00012dc0 COMP
0x00012e00 COMP
0x00012e40 COMP
0x00012e80 COMP
0x00012ec0 COMP
0x00012f00 COMP
0x00012f40 COMP
0x00012f80 COMP
0x00012fc0 COMP
READRES
0x00013000 G_ACT0
0x08013000 G_ACT1
0x10013000 G_ACT2
0x18013000 G_ACT3
0x00013000 COMP
0x00013040 COMP
0x00013080 COMP
0x000130c0 COMP
0x00013100 COMP
0x00013140 COMP
0x00013180 COMP
0x000131c0 COMP
0x00013200 COMP
0x00013240 COMP
0x00013280 COMP
0x000132c0 COMP
0x00013300 COMP
0x00013340 COMP
0x00013380 COMP
0x000133c0 COMP
0x00013400 COMP
0x00013440 COMP
0x00013480 COMP
0x000134c0 COMP
0x00013500 COMP
0x00013540 COMP
0x00013580 COMP
0x000135c0 COMP
0x00013600 COMP
0x00013640 COMP
0x00013680 COMP
0x000136c0 COMP
0x00013700 COMP
0x00013740 COMP
0x00013780 COMP
0x000137c0 COMP
READRES
0x00013800 G_ACT0
0x08013800 G_ACT1
0x10013800 G_ACT2
0x18013800 G_ACT3
0x00013800 COMP
0x00013840 COMP
0x00013880 COMP
0x000138c0 COMP
0x00013900 COMP
0x00013940 COMP
0x00013980 COMP
0x000139c0 COMP
0x00013a00 COMP
0x00013a40 COMP
0x00013a80 COMP
0x00013ac0 COMP
0x00013b00 COMP
0x00013b40 COMP
0x00013b80 COMP
0x00013bc0 COMP
0x00013c00 COMP
0x00013c40 COMP
0x00013c80 COMP
0x00013cc0 COMP
0x00013d00 COMP
0x00013d40 COMP
0x00013d80 COMP
0x00013dc0 COMP
0x00013e00 COMP
0x00013e40 COMP
0x00013e80 COMP
0x00013ec0 COMP
0x00013f00 COMP
0x00013f40 COMP
0x00013f80 COMP
0x00013fc0 COMP
READRES
0x00014000 G_ACT0
0x08014000 G_ACT1
0x10014000 G_ACT2
0x18014000 G_ACT3
0x00014000 COMP
0x00014040 COMP
0x00014080 COMP
0x000140c0 COMP
0x00014100 COMP
0x00014140 COMP
0x00014180 COMP
0x000141c0 COMP
0x00014200 COMP
0x00014240 COMP
0x00014280 COMP
0x000142c0 COMP
0x00014300 COMP
0x00014340 COMP
0x00014380 COMP
0x000143c0 COMP
0x00014400 COMP
0x00014440 COMP
0x00014480 COMP
0x000144c0 COMP
0x00014500 COMP
0x00014540 COMP
0x00014580 COMP
0x000145c0 COMP
0x00014600 COMP
0x00014640 COMP
0x00014680 COMP
0x000146c0 COMP
0x00014700 COMP
0x00014740 COMP
0x00014780 COMP
0x000147c0 COMP
READRES
0x00014800 G_ACT0
0x08014800 G_ACT1
0x10014800 G_ACT2
0x18014800 G_ACT3
0x00014800 COMP
0x00014840 COMP
0x00014880 COMP
0x000148c0 COMP
0x00014900 COMP
0x00014940 COMP
0x00014980 COMP
0x000149c0 COMP
0x00014a00 COMP
0x00014a40 COMP
0x00014a80 COMP
0x00014ac0 COMP
0x00014b00 COMP
0x00014b40 COMP
0x00014b80 COMP
0x00014bc0 COMP
0x00014c00 COMP
0x00014c40 COMP
0x00014c80 COMP
0x00014cc0 COMP
0x00014d00 COMP
0x00014d40 COMP
0x00014d80 COMP
0x00014dc0 COMP
0x00014e00 COMP
0x00014e40 COMP
0x00014e80 COMP
0x00014ec0 COMP
0x00014f00 COMP
0x00014f40 COMP
0x00014f80 COMP
0x00014fc0 COMP
READRES
0x00015000 G_ACT0
0x08015000 G_ACT1
0x10015000 G_ACT2
0x18015000 G_ACT3
0x00015000 COMP
0x00015040 COMP
0x00015080 COMP
0x000150c0 COMP
0x00015100 COMP
0x00015140 COMP
0x00015180 COMP
0x000151c0 COMP
0x00015200 COMP
0x00015240 COMP
0x00015280 COMP
0x000152c0 COMP
0x00015300 COMP
0x00015340 COMP
0x00015380 COMP
0x000153c0 COMP
0x00015400 COMP
0x00015440 COMP
0x00015480 COMP
0x000154c0 COMP
0x00015500 COMP
0x00015540 COMP
0x00015580 COMP
0x000155c0 COMP
0x00015600 COMP
0x00015640 COMP
0x00015680 COMP
0x000156c0 COMP
0x00015700 COMP
0x00015740 COMP
0x00015780 COMP
0x000157c0 COMP
READRES
0x00015800 G_ACT0
0x08015800 G_ACT1
0x10015800 G_ACT2
0x18015800 G_ACT3
0x00015800 COMP
0x00015840 COMP
0x00015880 COMP
0x000158c0 COMP
0x00015900 COMP
0x00015940 COMP
0x00015980 COMP
0x000159c0 COMP
0x00015a00 COMP
0x00015a40 COMP
0x00015a80 COMP
0x00015ac0 COMP
0x00015b00 COMP
0x00015b40 COMP
0x00015b80 COMP
0x00015bc0 COMP
0x00015c00 COMP
0x00015c40 COMP
0x00015c80 COMP
0x00015cc0 COMP
0x00015d00 COMP
0x00015d40 COMP
0x00015d80 COMP
0x00015dc0 COMP
0x00015e00 COMP
0x00015e40 COMP
0x00015e80 COMP
0x00015ec0 COMP
0x00015f00 COMP
0x00015f40 COMP
0x00015f80 COMP
0x00015fc0 COMP
READRES
0x00016000 G_ACT0
0x08016000 G_ACT1
0x10016000 G_ACT2
0x18016000 G_ACT3
0x00016000 COMP
0x00016040 COMP
0x00016080 COMP
0x000160c0 COMP
0x00016100 COMP
0x00016140 COMP
0x00016180 COMP
0x000161c0 COMP
0x00016200 COMP
0x00016240 COMP
0x00016280 COMP
0x000162c0 COMP
0x00016300 COMP
0x00016340 COMP
0x00016380 COMP
0x000163c0 COMP
0x00016400 COMP
0x00016440 COMP
0x00016480 COMP
0x000164c0 COMP
0x00016500 COMP
0x00016540 COMP
0x00016580 COMP
0x000165c0 COMP
0x00016600 COMP
0x00016640 COMP
0x00016680 COMP
0x000166c0 COMP
0x00016700 COMP
0x00016740 COMP
0x00016780 COMP
0x000167c0 COMP
READRES
0x00016800 G_ACT0
0x08016800 G_ACT1
0x10016800 G_ACT2
0x18016800 G_ACT3
0x00016800 COMP
0x00016840 COMP
0x00016880 COMP
0x000168c0 COMP
0x00016900 COMP
0x00016940 COMP
0x00016980 COMP
0x000169c0 COMP
0x00016a00 COMP
0x00016a40 COMP
0x00016a80 COMP
0x00016ac0 COMP
0x00016b00 COMP
0x00016b40 COMP
0x00016b80 COMP
0x00016bc0 COMP
0x00016c00 COMP
0x00016c40 COMP
0x00016c80 COMP
0x00016cc0 COMP
0x00016d00 COMP
0x00016d40 COMP
0x00016d80 COMP
0x00016dc0 COMP
0x00016e00 COMP
0x00016e40 COMP
0x00016e80 COMP
0x00016ec0 COMP
0x00016f00 COMP
0x00016f40 COMP
0x00016f80 COMP
0x00016fc0 COMP
READRES
0x00017000 G_ACT0
0x08017000 G_ACT1
0x10017000 G_ACT2
0x18017000 G_ACT3
0x00017000 COMP
0x00017040 COMP
0x00017080 COMP
0x000170c0 COMP
0x00017100 COMP
0x00017140 COMP
0x00017180 COMP
0x000171c0 COMP
0x00017200 COMP
0x00017240 COMP
0x00017280 COMP
0x000172c0 COMP
0x00017300 COMP
0x00017340 COMP
0x00017380 COMP
0x000173c0 COMP
0x00017400 COMP
0x00017440 COMP
0x00017480 COMP
0x000174c0 COMP
0x00017500 COMP
0x00017540 COMP
0x00017580 COMP
0x000175c0 COMP
0x00017600 COMP
0x00017640 COMP
0x00017680 COMP
0x000176c0 COMP
0x00017700 COMP
0x00017740 COMP
0x00017780 COMP
0x000177c0 COMP
READRES
0x00017800 G_ACT0
0x08017800 G_ACT1
0x10017800 G_ACT2
0x18017800 G_ACT3
0x00017800 COMP
0x00017840 COMP
0x00017880 COMP
0x000178c0 COMP
0x00017900 COMP
0x00017940 COMP
0x00017980 COMP
0x000179c0 COMP
0x00017a00 COMP
0x00017a40 COMP
0x00017a80 COMP
0x00017ac0 COMP
0x00017b00 COMP
0x00017b40 COMP
0x00017b80 COMP
0x00017bc0 COMP
0x00017c00 COMP
0x00017c40 COMP
0x00017c80 COMP
0x00017cc0 COMP
0x00017d00 COMP
0x00017d40 COMP
0x00017d80 COMP
0x00017dc0 COMP
0x00017e00 COMP
0x00017e40 COMP
0x00017e80 COMP
0x00017ec0 COMP
0x00017f00 COMP
0x00017f40 COMP
0x00017f80 COMP
0x00017fc0 COMP
READRES
0x00018000 G_ACT0
0x08018000 G_ACT1
0x10018000 G_ACT2
0x18018000 G_ACT3
0x00018000 COMP
0x00018040 COMP
0x00018080 COMP
0x000180c0 COMP
0x00018100 COMP
0x00018140 COMP
0x00018180 COMP
0x000181c0 COMP
0x00018200 COMP
0x00018240 COMP
0x00018280 COMP
0x000182c0 COMP
0x00018300 COMP
0x00018340 COMP
0x00018380 COMP
0x000183c0 COMP
0x00018400 COMP
0x00018440 COMP
0x00018480 COMP
0x000184c0 COMP
0x00018500 COMP
0x00018540 COMP
0x00018580 COMP
0x000185c0 COMP
0x00018600 COMP
0x00018640 COMP
0x00018680 COMP
0x000186c0 COMP
0x00018700 COMP
0x00018740 COMP
0x00018780 COMP
0x000187c0 COMP
READRES
0x00018800 G_ACT0
0x08018800 G_ACT1
0x10018800 G_ACT2
0x18018800 G_ACT3
0x00018800 COMP
0x00018840 COMP
0x00018880 COMP
0x000188c0 COMP
0x00018900 COMP
0x00018940 COMP
0x00018980 COMP
0x000189c0 COMP
0x00018a00 COMP
0x00018a40 COMP
0x00018a80 COMP
0x00018ac0 COMP
0x00018b00 COMP
0x00018b40 COMP
0x00018b80 COMP
0x00018bc0 COMP
0x00018c00 COMP
0x00018c40 COMP
0x00018c80 COMP
0x00018cc0 COMP
0x00018d00 COMP
0x00018d40 COMP
0x00018d80 COMP
0x00018dc0 COMP
0x00018e00 COMP
0x00018e40 COMP
0x00018e80 COMP
0x00018ec0 COMP
0x00018f00 COMP
0x00018f40 COMP
0x00018f80 COMP
0x00018fc0 COMP
READRES
0x00019000 G_ACT0
0x08019000 G_ACT1
0x10019000 G_ACT2
0x18019000 G_ACT3
0x00019000 COMP
0x00019040 COMP
0x00019080 COMP
0x000190c0 COMP
0x00019100 COMP
0x00019140 COMP
0x00019180 COMP
0x000191c0 COMP
0x00019200 COMP
0x00019240 COMP
0x00019280 COMP
0x000192c0 COMP
0x00019300 COMP
0x00019340 COMP
0x00019380 COMP
0x000193c0 COMP
0x00019400 COMP
0x00019440 COMP
0x00019480 COMP
0x000194c0 COMP
0x00019500 COMP
0x00019540 COMP
0x00019580 COMP
0x000195c0 COMP
0x00019600 COMP
0x00019640 COMP
0x00019680 COMP
0x000196c0 COMP
0x00019700 COMP
0x00019740 COMP
0x00019780 COMP
0x000197c0 COMP
READRES
0x00019800 G_ACT0
0x08019800 G_ACT1
0x10019800 G_ACT2
0x18019800 G_ACT3
0x00019800 COMP
0x00019840 COMP
0x00019880 COMP
0x000198c0 COMP
0x00019900 COMP
0x00019940 COMP
0x00019980 COMP
0x000199c0 COMP
0x00019a00 COMP
0x00019a40 COMP
0x00019a80 COMP
0x00019ac0 COMP
0x00019b00 COMP
0x00019b40 COMP
0x00019b80 COMP
0x00019bc0 COMP
0x00019c00 COMP
0x00019c40 COMP
0x00019c80 COMP
0x00019cc0 COMP
0x00019d00 COMP
0x00019d40 COMP
0x00019d80 COMP
0x00019dc0 COMP
0x00019e00 COMP
0x00019e40 COMP
0x00019e80 COMP
0x00019ec0 COMP
0x00019f00 COMP
0x00019f40 COMP
0x00019f80 COMP
0x00019fc0 COMP
READRES
0x0001a000 G_ACT0
0x0801a000 G_ACT1
0x1001a000 G_ACT2
0x1801a000 G_ACT3
0x0001a000 COMP
0x0001a040 COMP
0x0001a080 COMP
0x0001a0c0 COMP
0x0001a100 COMP
0x0001a140 COMP
0x0001a180 COMP
0x0001a1c0 COMP
0x0001a200 COMP
0x0001a240 COMP
0x0001a280 COMP
0x0001a2c0 COMP
0x0001a300 COMP
0x0001a340 COMP
0x0001a380 COMP
0x0001a3c0 COMP
0x0001a400 COMP
0x0001a440 COMP
0x0001a480 COMP
0x0001a4c0 COMP
0x0001a500 COMP
0x0001a540 COMP
0x0001a580 COMP
0x0001a5c0 COMP
0x0001a600 COMP
0x0001a640 COMP
0x0001a680 COMP
0x0001a6c0 COMP
0x0001a700 COMP
0x0001a740 COMP
0x0001a780 COMP
0x0001a7c0 COMP
READRES
0x0001a800 G_ACT0
0x0801a800 G_ACT1
0x1001a800 G_ACT2
0x1801a800 G_ACT3
0x0001a800 COMP
0x0001a840 COMP
0x0001a880 COMP
0x0001a8c0 COMP
0x0001a900 COMP
0x0001a940 COMP
0x0001a980 COMP
0x0001a9c0 COMP
0x0001aa00 COMP
0x0001aa40 COMP
0x0001aa80 COMP
0x0001aac0 COMP
0x0001ab00 COMP
0x0001ab40 COMP
0x0001ab80 COMP
0x0001abc0 COMP
0x0001ac00 COMP
0x0001ac40 COMP
0x0001ac80 COMP
0x0001acc0 COMP
0x0001ad00 COMP
0x0001ad40 COMP
0x0001ad80 COMP
0x0001adc0 COMP
0x0001ae00 COMP
0x0001ae40 COMP
0x0001ae80 COMP
0x0001aec0 COMP
0x0001af00 COMP
0x0001af40 COMP
0x0001af80 COMP
0x0001afc0 COMP
READRES
0x0001b000 G_ACT0
0x0801b000 G_ACT1
0x1001b000 G_ACT2
0x1801b000 G_ACT3
0x0001b000 COMP
0x0001b040 COMP
0x0001b080 COMP
0x0001b0c0 COMP
0x0001b100 COMP
0x0001b140 COMP
0x0001b180 COMP
0x0001b1c0 COMP
0x0001b200 COMP
0x0001b240 COMP
0x0001b280 COMP
0x0001b2c0 COMP
0x0001b300 COMP
0x0001b340 COMP
0x0001b380 COMP
0x0001b3c0 COMP
0x0001b400 COMP
0x0001b440 COMP
0x0001b480 COMP
0x0001b4c0 COMP
0x0001b500 COMP
0x0001b540 COMP
0x0001b580 COMP
0x0001b5c0 COMP
0x0001b600 COMP
0x0001b640 COMP
0x0001b680 COMP
0x0001b6c0 COMP
0x0001b700 COMP
0x0001b740 COMP
0x0001b780 COMP
0x0001b7c0 COMP
READRES
0x0001b800 G_ACT0
0x0801b800 G_ACT1
0x1001b800 G_ACT2
0x1801b800 G_ACT3
0x0001b800 COMP
0x0001b840 COMP
0x0001b880 COMP
0x0001b8c0 COMP
0x0001b900 COMP
0x0001b940 COMP
0x0001b980 COMP
0x0001b9c0 COMP
0x0001ba00 COMP
0x0001ba40 COMP
0x0001ba80 COMP
0x0001bac0 COMP
0x0001bb00 COMP
0x0001bb40 COMP
0x0001bb80 COMP
0x0001bbc0 COMP
0x0001bc00 COMP
0x0001bc40 COMP
0x0001bc80 COMP
0x0001bcc0 COMP
0x0001bd00 COMP
0x0001bd40 COMP
0x0001bd80 COMP
0x0001bdc0 COMP
0x0001be00 COMP
0x0001be40 COMP
0x0001be80 COMP
0x0001bec0 COMP
0x0001bf00 COMP
0x0001bf40 COMP
0x0001bf80 COMP
0x0001bfc0 COMP
READRES
0x0001c000 G_ACT0
0x0801c000 G_ACT1
0x1001c000 G_ACT2
0x1801c000 G_ACT3
0x0001c000 COMP
0x0001c040 COMP
0x0001c080 COMP
0x0001c0c0 COMP
0x0001c100 COMP
0x0001c140 COMP
0x0001c180 COMP
0x0001c1c0 COMP
0x0001c200 COMP
0x0001c240 COMP
0x0001c280 COMP
0x0001c2c0 COMP
0x0001c300 COMP
0x0001c340 COMP
0x0001c380 COMP
0x0001c3c0 COMP
0x0001c400 COMP
0x0001c440 COMP
0x0001c480 COMP
0x0001c4c0 COMP
0x0001c500 COMP
0x0001c540 COMP
0x0001c580 COMP
0x0001c5c0 COMP
0x0001c600 COMP
0x0001c640 COMP
0x0001c680 COMP
0x0001c6c0 COMP
0x0001c700 COMP
0x0001c740 COMP
0x0001c780 COMP
0x0001c7c0 COMP
READRES
0x0001c800 G_ACT0
0x0801c800 G_ACT1
0x1001c800 G_ACT2
0x1801c800 G_ACT3
0x0001c800 COMP
0x0001c840 COMP
0x0001c880 COMP
0x0001c8c0 COMP
0x0001c900 COMP
0x0001c940 COMP
0x0001c980 COMP
0x0001c9c0 COMP
0x0001ca00 COMP
0x0001ca40 COMP
0x0001ca80 COMP
0x0001cac0 COMP
0x0001cb00 COMP
0x0001cb40 COMP
0x0001cb80 COMP
0x0001cbc0 COMP
0x0001cc00 COMP
0x0001cc40 COMP
0x0001cc80 COMP
0x0001ccc0 COMP
0x0001cd00 COMP
0x0001cd40 COMP
0x0001cd80 COMP
0x0001cdc0 COMP
0x0001ce00 COMP
0x0001ce40 COMP
0x0001ce80 COMP
0x0001cec0 COMP
0x0001cf00 COMP
0x0001cf40 COMP
0x0001cf80 COMP
0x0001cfc0 COMP
READRES
0x0001d000 G_ACT0
0x0801d000 G_ACT1
0x1001d000 G_ACT2
0x1801d000 G_ACT3
0x0001d000 COMP
0x0001d040 COMP
0x0001d080 COMP
0x0001d0c0 COMP
0x0001d100 COMP
0x0001d140 COMP
0x0001d180 COMP
0x0001d1c0 COMP
0x0001d200 COMP
0x0001d240 COMP
0x0001d280 COMP
0x0001d2c0 COMP
0x0001d300 COMP
0x0001d340 COMP
0x0001d380 COMP
0x0001d3c0 COMP
0x0001d400 COMP
0x0001d440 COMP
0x0001d480 COMP
0x0001d4c0 COMP
0x0001d500 COMP
0x0001d540 COMP
0x0001d580 COMP
0x0001d5c0 COMP
0x0001d600 COMP
0x0001d640 COMP
0x0001d680 COMP
0x0001d6c0 COMP
0x0001d700 COMP
0x0001d740 COMP
0x0001d780 COMP
0x0001d7c0 COMP
READRES
0x0001d800 G_ACT0
0x0801d800 G_ACT1
0x1001d800 G_ACT2
0x1801d800 G_ACT3
0x0001d800 COMP
0x0001d840 COMP
0x0001d880 COMP
0x0001d8c0 COMP
0x0001d900 COMP
0x0001d940 COMP
0x0001d980 COMP
0x0001d9c0 COMP
0x0001da00 COMP
0x0001da40 COMP
0x0001da80 COMP
0x0001dac0 COMP
0x0001db00 COMP
0x0001db40 COMP
0x0001db80 COMP
0x0001dbc0 COMP
0x0001dc00 COMP
0x0001dc40 COMP
0x0001dc80 COMP
0x0001dcc0 COMP
0x0001dd00 COMP
0x0001dd40 COMP
0x0001dd80 COMP
0x0001ddc0 COMP
0x0001de00 COMP
0x0001de40 COMP
0x0001de80 COMP
0x0001dec0 COMP
0x0001df00 COMP
0x0001df40 COMP
0x0001df80 COMP
0x0001dfc0 COMP
READRES
0x0001e000 G_ACT0
0x0801e000 G_ACT1
0x1001e000 G_ACT2
0x1801e000 G_ACT3
0x0001e000 COMP
0x0001e040 COMP
0x0001e080 COMP
0x0001e0c0 COMP
0x0001e100 COMP
0x0001e140 COMP
0x0001e180 COMP
0x0001e1c0 COMP
0x0001e200 COMP
0x0001e240 COMP
0x0001e280 COMP
0x0001e2c0 COMP
0x0001e300 COMP
0x0001e340 COMP
0x0001e380 COMP
0x0001e3c0 COMP
0x0001e400 COMP
0x0001e440 COMP
0x0001e480 COMP
0x0001e4c0 COMP
0x0001e500 COMP
0x0001e540 COMP
0x0001e580 COMP
0x0001e5c0 COMP
0x0001e600 COMP
0x0001e640 COMP
0x0001e680 COMP
0x0001e6c0 COMP
0x0001e700 COMP
0x0001e740 COMP
0x0001e780 COMP
0x0001e7c0 COMP
READRES
0x0001e800 G_ACT0
0x0801e800 G_ACT1
0x1001e800 G_ACT2
0x1801e800 G_ACT3
0x0001e800 COMP
0x0001e840 COMP
0x0001e880 COMP
0x0001e8c0 COMP
0x0001e900 COMP
0x0001e940 COMP
0x0001e980 COMP
0x0001e9c0 COMP
0x0001ea00 COMP
0x0001ea40 COMP
0x0001ea80 COMP
0x0001eac0 COMP
0x0001eb00 COMP
0x0001eb40 COMP
0x0001eb80 COMP
0x0001ebc0 COMP
0x0001ec00 COMP
0x0001ec40 COMP
0x0001ec80 COMP
0x0001ecc0 COMP
0x0001ed00 COMP
0x0001ed40 COMP
0x0001ed80 COMP
0x0001edc0 COMP
0x0001ee00 COMP
0x0001ee40 COMP
0x0001ee80 COMP
0x0001eec0 COMP
0x0001ef00 COMP
0x0001ef40 COMP
0x0001ef80 COMP
0x0001efc0 COMP
READRES
0x0001f000 G_ACT0
0x0801f000 G_ACT1
0x1001f000 G_ACT2
0x1801f000 G_ACT3
0x0001f000 COMP
0x0001f040 COMP
0x0001f080 COMP
0x0001f0c0 COMP
0x0001f100 COMP
0x0001f140 COMP
0x0001f180 COMP
0x0001f1c0 COMP
0x0001f200 COMP
0x0001f240 COMP
0x0001f280 COMP
0x0001f2c0 COMP
0x0001f300 COMP
0x0001f340 COMP
0x0001f380 COMP
0x0001f3c0 COMP
0x0001f400 COMP
0x0001f440 COMP
0x0001f480 COMP
0x0001f4c0 COMP
0x0001f500 COMP
0x0001f540 COMP
0x0001f580 COMP
0x0001f5c0 COMP
0x0001f600 COMP
0x0001f640 COMP
0x0001f680 COMP
0x0001f6c0 COMP
0x0001f700 COMP
0x0001f740 COMP
0x0001f780 COMP
0x0001f7c0 COMP
READRES
0x0001f800 G_ACT0
0x0801f800 G_ACT1
0x1001f800 G_ACT2
0x1801f800 G_ACT3
0x0001f800 COMP
0x0001f840 COMP
0x0001f880 COMP
0x0001f8c0 COMP
0x0001f900 COMP
0x0001f940 COMP
0x0001f980 COMP
0x0001f9c0 COMP
0x0001fa00 COMP
0x0001fa40 COMP
0x0001fa80 COMP
0x0001fac0 COMP
0x0001fb00 COMP
0x0001fb40 COMP
0x0001fb80 COMP
0x0001fbc0 COMP
0x0001fc00 COMP
0x0001fc40 COMP
0x0001fc80 COMP
0x0001fcc0 COMP
0x0001fd00 COMP
0x0001fd40 COMP
0x0001fd80 COMP
0x0001fdc0 COMP
0x0001fe00 COMP
0x0001fe40 COMP
0x0001fe80 COMP
0x0001fec0 COMP
0x0001ff00 COMP
0x0001ff40 COMP
0x0001ff80 COMP
0x0001ffc0 COMP
READRES
0x00000800 GWRITE
0x00020000 G_ACT0
0x08020000 G_ACT1
0x10020000 G_ACT2
0x18020000 G_ACT3
0x00020000 COMP
0x00020040 COMP
0x00020080 COMP
0x000200c0 COMP
0x00020100 COMP
0x00020140 COMP
0x00020180 COMP
0x000201c0 COMP
0x00020200 COMP
0x00020240 COMP
0x00020280 COMP
0x000202c0 COMP
0x00020300 COMP
0x00020340 COMP
0x00020380 COMP
0x000203c0 COMP
0x00020400 COMP
0x00020440 COMP
0x00020480 COMP
0x000204c0 COMP
0x00020500 COMP
0x00020540 COMP
0x00020580 COMP
0x000205c0 COMP
0x00020600 COMP
0x00020640 COMP
0x00020680 COMP
0x000206c0 COMP
0x00020700 COMP
0x00020740 COMP
0x00020780 COMP
0x000207c0 COMP
READRES
0x00020800 G_ACT0
0x08020800 G_ACT1
0x10020800 G_ACT2
0x18020800 G_ACT3
0x00020800 COMP
0x00020840 COMP
0x00020880 COMP
0x000208c0 COMP
0x00020900 COMP
0x00020940 COMP
0x00020980 COMP
0x000209c0 COMP
0x00020a00 COMP
0x00020a40 COMP
0x00020a80 COMP
0x00020ac0 COMP
0x00020b00 COMP
0x00020b40 COMP
0x00020b80 COMP
0x00020bc0 COMP
0x00020c00 COMP
0x00020c40 COMP
0x00020c80 COMP
0x00020cc0 COMP
0x00020d00 COMP
0x00020d40 COMP
0x00020d80 COMP
0x00020dc0 COMP
0x00020e00 COMP
0x00020e40 COMP
0x00020e80 COMP
0x00020ec0 COMP
0x00020f00 COMP
0x00020f40 COMP
0x00020f80 COMP
0x00020fc0 COMP
READRES
0x00021000 G_ACT0
0x08021000 G_ACT1
0x10021000 G_ACT2
0x18021000 G_ACT3
0x00021000 COMP
0x00021040 COMP
0x00021080 COMP
0x000210c0 COMP
0x00021100 COMP
0x00021140 COMP
0x00021180 COMP
0x000211c0 COMP
0x00021200 COMP
0x00021240 COMP
0x00021280 COMP
0x000212c0 COMP
0x00021300 COMP
0x00021340 COMP
0x00021380 COMP
0x000213c0 COMP
0x00021400 COMP
0x00021440 COMP
0x00021480 COMP
0x000214c0 COMP
0x00021500 COMP
0x00021540 COMP
0x00021580 COMP
0x000215c0 COMP
0x00021600 COMP
0x00021640 COMP
0x00021680 COMP
0x000216c0 COMP
0x00021700 COMP
0x00021740 COMP
0x00021780 COMP
0x000217c0 COMP
READRES
0x00021800 G_ACT0
0x08021800 G_ACT1
0x10021800 G_ACT2
0x18021800 G_ACT3
0x00021800 COMP
0x00021840 COMP
0x00021880 COMP
0x000218c0 COMP
0x00021900 COMP
0x00021940 COMP
0x00021980 COMP
0x000219c0 COMP
0x00021a00 COMP
0x00021a40 COMP
0x00021a80 COMP
0x00021ac0 COMP
0x00021b00 COMP
0x00021b40 COMP
0x00021b80 COMP
0x00021bc0 COMP
0x00021c00 COMP
0x00021c40 COMP
0x00021c80 COMP
0x00021cc0 COMP
0x00021d00 COMP
0x00021d40 COMP
0x00021d80 COMP
0x00021dc0 COMP
0x00021e00 COMP
0x00021e40 COMP
0x00021e80 COMP
0x00021ec0 COMP
0x00021f00 COMP
0x00021f40 COMP
0x00021f80 COMP
0x00021fc0 COMP
READRES
0x00022000 G_ACT0
0x08022000 G_ACT1
0x10022000 G_ACT2
0x18022000 G_ACT3
0x00022000 COMP
0x00022040 COMP
0x00022080 COMP
0x000220c0 COMP
0x00022100 COMP
0x00022140 COMP
0x00022180 COMP
0x000221c0 COMP
0x00022200 COMP
0x00022240 COMP
0x00022280 COMP
0x000222c0 COMP
0x00022300 COMP
0x00022340 COMP
0x00022380 COMP
0x000223c0 COMP
0x00022400 COMP
0x00022440 COMP
0x00022480 COMP
0x000224c0 COMP
0x00022500 COMP
0x00022540 COMP
0x00022580 COMP
0x000225c0 COMP
0x00022600 COMP
0x00022640 COMP
0x00022680 COMP
0x000226c0 COMP
0x00022700 COMP
0x00022740 COMP
0x00022780 COMP
0x000227c0 COMP
READRES
0x00022800 G_ACT0
0x08022800 G_ACT1
0x10022800 G_ACT2
0x18022800 G_ACT3
0x00022800 COMP
0x00022840 COMP
0x00022880 COMP
0x000228c0 COMP
0x00022900 COMP
0x00022940 COMP
0x00022980 COMP
0x000229c0 COMP
0x00022a00 COMP
0x00022a40 COMP
0x00022a80 COMP
0x00022ac0 COMP
0x00022b00 COMP
0x00022b40 COMP
0x00022b80 COMP
0x00022bc0 COMP
0x00022c00 COMP
0x00022c40 COMP
0x00022c80 COMP
0x00022cc0 COMP
0x00022d00 COMP
0x00022d40 COMP
0x00022d80 COMP
0x00022dc0 COMP
0x00022e00 COMP
0x00022e40 COMP
0x00022e80 COMP
0x00022ec0 COMP
0x00022f00 COMP
0x00022f40 COMP
0x00022f80 COMP
0x00022fc0 COMP
READRES
0x00023000 G_ACT0
0x08023000 G_ACT1
0x10023000 G_ACT2
0x18023000 G_ACT3
0x00023000 COMP
0x00023040 COMP
0x00023080 COMP
0x000230c0 COMP
0x00023100 COMP
0x00023140 COMP
0x00023180 COMP
0x000231c0 COMP
0x00023200 COMP
0x00023240 COMP
0x00023280 COMP
0x000232c0 COMP
0x00023300 COMP
0x00023340 COMP
0x00023380 COMP
0x000233c0 COMP
0x00023400 COMP
0x00023440 COMP
0x00023480 COMP
0x000234c0 COMP
0x00023500 COMP
0x00023540 COMP
0x00023580 COMP
0x000235c0 COMP
0x00023600 COMP
0x00023640 COMP
0x00023680 COMP
0x000236c0 COMP
0x00023700 COMP
0x00023740 COMP
0x00023780 COMP
0x000237c0 COMP
READRES
0x00023800 G_ACT0
0x08023800 G_ACT1
0x10023800 G_ACT2
0x18023800 G_ACT3
0x00023800 COMP
0x00023840 COMP
0x00023880 COMP
0x000238c0 COMP
0x00023900 COMP
0x00023940 COMP
0x00023980 COMP
0x000239c0 COMP
0x00023a00 COMP
0x00023a40 COMP
0x00023a80 COMP
0x00023ac0 COMP
0x00023b00 COMP
0x00023b40 COMP
0x00023b80 COMP
0x00023bc0 COMP
0x00023c00 COMP
0x00023c40 COMP
0x00023c80 COMP
0x00023cc0 COMP
0x00023d00 COMP
0x00023d40 COMP
0x00023d80 COMP
0x00023dc0 COMP
0x00023e00 COMP
0x00023e40 COMP
0x00023e80 COMP
0x00023ec0 COMP
0x00023f00 COMP
0x00023f40 COMP
0x00023f80 COMP
0x00023fc0 COMP
READRES
0x00024000 G_ACT0
0x08024000 G_ACT1
0x10024000 G_ACT2
0x18024000 G_ACT3
0x00024000 COMP
0x00024040 COMP
0x00024080 COMP
0x000240c0 COMP
0x00024100 COMP
0x00024140 COMP
0x00024180 COMP
0x000241c0 COMP
0x00024200 COMP
0x00024240 COMP
0x00024280 COMP
0x000242c0 COMP
0x00024300 COMP
0x00024340 COMP
0x00024380 COMP
0x000243c0 COMP
0x00024400 COMP
0x00024440 COMP
0x00024480 COMP
0x000244c0 COMP
0x00024500 COMP
0x00024540 COMP
0x00024580 COMP
0x000245c0 COMP
0x00024600 COMP
0x00024640 COMP
0x00024680 COMP
0x000246c0 COMP
0x00024700 COMP
0x00024740 COMP
0x00024780 COMP
0x000247c0 COMP
READRES
0x00024800 G_ACT0
0x08024800 G_ACT1
0x10024800 G_ACT2
0x18024800 G_ACT3
0x00024800 COMP
0x00024840 COMP
0x00024880 COMP
0x000248c0 COMP
0x00024900 COMP
0x00024940 COMP
0x00024980 COMP
0x000249c0 COMP
0x00024a00 COMP
0x00024a40 COMP
0x00024a80 COMP
0x00024ac0 COMP
0x00024b00 COMP
0x00024b40 COMP
0x00024b80 COMP
0x00024bc0 COMP
0x00024c00 COMP
0x00024c40 COMP
0x00024c80 COMP
0x00024cc0 COMP
0x00024d00 COMP
0x00024d40 COMP
0x00024d80 COMP
0x00024dc0 COMP
0x00024e00 COMP
0x00024e40 COMP
0x00024e80 COMP
0x00024ec0 COMP
0x00024f00 COMP
0x00024f40 COMP
0x00024f80 COMP
0x00024fc0 COMP
READRES
0x00025000 G_ACT0
0x08025000 G_ACT1
0x10025000 G_ACT2
0x18025000 G_ACT3
0x00025000 COMP
0x00025040 COMP
0x00025080 COMP
0x000250c0 COMP
0x00025100 COMP
0x00025140 COMP
0x00025180 COMP
0x000251c0 COMP
0x00025200 COMP
0x00025240 COMP
0x00025280 COMP
0x000252c0 COMP
0x00025300 COMP
0x00025340 COMP
0x00025380 COMP
0x000253c0 COMP
0x00025400 COMP
0x00025440 COMP
0x00025480 COMP
0x000254c0 COMP
0x00025500 COMP
0x00025540 COMP
0x00025580 COMP
0x000255c0 COMP
0x00025600 COMP
0x00025640 COMP
0x00025680 COMP
0x000256c0 COMP
0x00025700 COMP
0x00025740 COMP
0x00025780 COMP
0x000257c0 COMP
READRES
0x00025800 G_ACT0
0x08025800 G_ACT1
0x10025800 G_ACT2
0x18025800 G_ACT3
0x00025800 COMP
0x00025840 COMP
0x00025880 COMP
0x000258c0 COMP
0x00025900 COMP
0x00025940 COMP
0x00025980 COMP
0x000259c0 COMP
0x00025a00 COMP
0x00025a40 COMP
0x00025a80 COMP
0x00025ac0 COMP
0x00025b00 COMP
0x00025b40 COMP
0x00025b80 COMP
0x00025bc0 COMP
0x00025c00 COMP
0x00025c40 COMP
0x00025c80 COMP
0x00025cc0 COMP
0x00025d00 COMP
0x00025d40 COMP
0x00025d80 COMP
0x00025dc0 COMP
0x00025e00 COMP
0x00025e40 COMP
0x00025e80 COMP
0x00025ec0 COMP
0x00025f00 COMP
0x00025f40 COMP
0x00025f80 COMP
0x00025fc0 COMP
READRES
0x00026000 G_ACT0
0x08026000 G_ACT1
0x10026000 G_ACT2
0x18026000 G_ACT3
0x00026000 COMP
0x00026040 COMP
0x00026080 COMP
0x000260c0 COMP
0x00026100 COMP
0x00026140 COMP
0x00026180 COMP
0x000261c0 COMP
0x00026200 COMP
0x00026240 COMP
0x00026280 COMP
0x000262c0 COMP
0x00026300 COMP
0x00026340 COMP
0x00026380 COMP
0x000263c0 COMP
0x00026400 COMP
0x00026440 COMP
0x00026480 COMP
0x000264c0 COMP
0x00026500 COMP
0x00026540 COMP
0x00026580 COMP
0x000265c0 COMP
0x00026600 COMP
0x00026640 COMP
0x00026680 COMP
0x000266c0 COMP
0x00026700 COMP
0x00026740 COMP
0x00026780 COMP
0x000267c0 COMP
READRES
0x00026800 G_ACT0
0x08026800 G_ACT1
0x10026800 G_ACT2
0x18026800 G_ACT3
0x00026800 COMP
0x00026840 COMP
0x00026880 COMP
0x000268c0 COMP
0x00026900 COMP
0x00026940 COMP
0x00026980 COMP
0x000269c0 COMP
0x00026a00 COMP
0x00026a40 COMP
0x00026a80 COMP
0x00026ac0 COMP
0x00026b00 COMP
0x00026b40 COMP
0x00026b80 COMP
0x00026bc0 COMP
0x00026c00 COMP
0x00026c40 COMP
0x00026c80 COMP
0x00026cc0 COMP
0x00026d00 COMP
0x00026d40 COMP
0x00026d80 COMP
0x00026dc0 COMP
0x00026e00 COMP
0x00026e40 COMP
0x00026e80 COMP
0x00026ec0 COMP
0x00026f00 COMP
0x00026f40 COMP
0x00026f80 COMP
0x00026fc0 COMP
READRES
0x00027000 G_ACT0
0x08027000 G_ACT1
0x10027000 G_ACT2
0x18027000 G_ACT3
0x00027000 COMP
0x00027040 COMP
0x00027080 COMP
0x000270c0 COMP
0x00027100 COMP
0x00027140 COMP
0x00027180 COMP
0x000271c0 COMP
0x00027200 COMP
0x00027240 COMP
0x00027280 COMP
0x000272c0 COMP
0x00027300 COMP
0x00027340 COMP
0x00027380 COMP
0x000273c0 COMP
0x00027400 COMP
0x00027440 COMP
0x00027480 COMP
0x000274c0 COMP
0x00027500 COMP
0x00027540 COMP
0x00027580 COMP
0x000275c0 COMP
0x00027600 COMP
0x00027640 COMP
0x00027680 COMP
0x000276c0 COMP
0x00027700 COMP
0x00027740 COMP
0x00027780 COMP
0x000277c0 COMP
READRES
0x00027800 G_ACT0
0x08027800 G_ACT1
0x10027800 G_ACT2
0x18027800 G_ACT3
0x00027800 COMP
0x00027840 COMP
0x00027880 COMP
0x000278c0 COMP
0x00027900 COMP
0x00027940 COMP
0x00027980 COMP
0x000279c0 COMP
0x00027a00 COMP
0x00027a40 COMP
0x00027a80 COMP
0x00027ac0 COMP
0x00027b00 COMP
0x00027b40 COMP
0x00027b80 COMP
0x00027bc0 COMP
0x00027c00 COMP
0x00027c40 COMP
0x00027c80 COMP
0x00027cc0 COMP
0x00027d00 COMP
0x00027d40 COMP
0x00027d80 COMP
0x00027dc0 COMP
0x00027e00 COMP
0x00027e40 COMP
0x00027e80 COMP
0x00027ec0 COMP
0x00027f00 COMP
0x00027f40 COMP
0x00027f80 COMP
0x00027fc0 COMP
READRES
0x00028000 G_ACT0
0x08028000 G_ACT1
0x10028000 G_ACT2
0x18028000 G_ACT3
0x00028000 COMP
0x00028040 COMP
0x00028080 COMP
0x000280c0 COMP
0x00028100 COMP
0x00028140 COMP
0x00028180 COMP
0x000281c0 COMP
0x00028200 COMP
0x00028240 COMP
0x00028280 COMP
0x000282c0 COMP
0x00028300 COMP
0x00028340 COMP
0x00028380 COMP
0x000283c0 COMP
0x00028400 COMP
0x00028440 COMP
0x00028480 COMP
0x000284c0 COMP
0x00028500 COMP
0x00028540 COMP
0x00028580 COMP
0x000285c0 COMP
0x00028600 COMP
0x00028640 COMP
0x00028680 COMP
0x000286c0 COMP
0x00028700 COMP
0x00028740 COMP
0x00028780 COMP
0x000287c0 COMP
READRES
0x00028800 G_ACT0
0x08028800 G_ACT1
0x10028800 G_ACT2
0x18028800 G_ACT3
0x00028800 COMP
0x00028840 COMP
0x00028880 COMP
0x000288c0 COMP
0x00028900 COMP
0x00028940 COMP
0x00028980 COMP
0x000289c0 COMP
0x00028a00 COMP
0x00028a40 COMP
0x00028a80 COMP
0x00028ac0 COMP
0x00028b00 COMP
0x00028b40 COMP
0x00028b80 COMP
0x00028bc0 COMP
0x00028c00 COMP
0x00028c40 COMP
0x00028c80 COMP
0x00028cc0 COMP
0x00028d00 COMP
0x00028d40 COMP
0x00028d80 COMP
0x00028dc0 COMP
0x00028e00 COMP
0x00028e40 COMP
0x00028e80 COMP
0x00028ec0 COMP
0x00028f00 COMP
0x00028f40 COMP
0x00028f80 COMP
0x00028fc0 COMP
READRES
0x00029000 G_ACT0
0x08029000 G_ACT1
0x10029000 G_ACT2
0x18029000 G_ACT3
0x00029000 COMP
0x00029040 COMP
0x00029080 COMP
0x000290c0 COMP
0x00029100 COMP
0x00029140 COMP
0x00029180 COMP
0x000291c0 COMP
0x00029200 COMP
0x00029240 COMP
0x00029280 COMP
0x000292c0 COMP
0x00029300 COMP
0x00029340 COMP
0x00029380 COMP
0x000293c0 COMP
0x00029400 COMP
0x00029440 COMP
0x00029480 COMP
0x000294c0 COMP
0x00029500 COMP
0x00029540 COMP
0x00029580 COMP
0x000295c0 COMP
0x00029600 COMP
0x00029640 COMP
0x00029680 COMP
0x000296c0 COMP
0x00029700 COMP
0x00029740 COMP
0x00029780 COMP
0x000297c0 COMP
READRES
0x00029800 G_ACT0
0x08029800 G_ACT1
0x10029800 G_ACT2
0x18029800 G_ACT3
0x00029800 COMP
0x00029840 COMP
0x00029880 COMP
0x000298c0 COMP
0x00029900 COMP
0x00029940 COMP
0x00029980 COMP
0x000299c0 COMP
0x00029a00 COMP
0x00029a40 COMP
0x00029a80 COMP
0x00029ac0 COMP
0x00029b00 COMP
0x00029b40 COMP
0x00029b80 COMP
0x00029bc0 COMP
0x00029c00 COMP
0x00029c40 COMP
0x00029c80 COMP
0x00029cc0 COMP
0x00029d00 COMP
0x00029d40 COMP
0x00029d80 COMP
0x00029dc0 COMP
0x00029e00 COMP
0x00029e40 COMP
0x00029e80 COMP
0x00029ec0 COMP
0x00029f00 COMP
0x00029f40 COMP
0x00029f80 COMP
0x00029fc0 COMP
READRES
0x0002a000 G_ACT0
0x0802a000 G_ACT1
0x1002a000 G_ACT2
0x1802a000 G_ACT3
0x0002a000 COMP
0x0002a040 COMP
0x0002a080 COMP
0x0002a0c0 COMP
0x0002a100 COMP
0x0002a140 COMP
0x0002a180 COMP
0x0002a1c0 COMP
0x0002a200 COMP
0x0002a240 COMP
0x0002a280 COMP
0x0002a2c0 COMP
0x0002a300 COMP
0x0002a340 COMP
0x0002a380 COMP
0x0002a3c0 COMP
0x0002a400 COMP
0x0002a440 COMP
0x0002a480 COMP
0x0002a4c0 COMP
0x0002a500 COMP
0x0002a540 COMP
0x0002a580 COMP
0x0002a5c0 COMP
0x0002a600 COMP
0x0002a640 COMP
0x0002a680 COMP
0x0002a6c0 COMP
0x0002a700 COMP
0x0002a740 COMP
0x0002a780 COMP
0x0002a7c0 COMP
READRES
0x0002a800 G_ACT0
0x0802a800 G_ACT1
0x1002a800 G_ACT2
0x1802a800 G_ACT3
0x0002a800 COMP
0x0002a840 COMP
0x0002a880 COMP
0x0002a8c0 COMP
0x0002a900 COMP
0x0002a940 COMP
0x0002a980 COMP
0x0002a9c0 COMP
0x0002aa00 COMP
0x0002aa40 COMP
0x0002aa80 COMP
0x0002aac0 COMP
0x0002ab00 COMP
0x0002ab40 COMP
0x0002ab80 COMP
0x0002abc0 COMP
0x0002ac00 COMP
0x0002ac40 COMP
0x0002ac80 COMP
0x0002acc0 COMP
0x0002ad00 COMP
0x0002ad40 COMP
0x0002ad80 COMP
0x0002adc0 COMP
0x0002ae00 COMP
0x0002ae40 COMP
0x0002ae80 COMP
0x0002aec0 COMP
0x0002af00 COMP
0x0002af40 COMP
0x0002af80 COMP
0x0002afc0 COMP
READRES
0x0002b000 G_ACT0
0x0802b000 G_ACT1
0x1002b000 G_ACT2
0x1802b000 G_ACT3
0x0002b000 COMP
0x0002b040 COMP
0x0002b080 COMP
0x0002b0c0 COMP
0x0002b100 COMP
0x0002b140 COMP
0x0002b180 COMP
0x0002b1c0 COMP
0x0002b200 COMP
0x0002b240 COMP
0x0002b280 COMP
0x0002b2c0 COMP
0x0002b300 COMP
0x0002b340 COMP
0x0002b380 COMP
0x0002b3c0 COMP
0x0002b400 COMP
0x0002b440 COMP
0x0002b480 COMP
0x0002b4c0 COMP
0x0002b500 COMP
0x0002b540 COMP
0x0002b580 COMP
0x0002b5c0 COMP
0x0002b600 COMP
0x0002b640 COMP
0x0002b680 COMP
0x0002b6c0 COMP
0x0002b700 COMP
0x0002b740 COMP
0x0002b780 COMP
0x0002b7c0 COMP
READRES
0x0002b800 G_ACT0
0x0802b800 G_ACT1
0x1002b800 G_ACT2
0x1802b800 G_ACT3
0x0002b800 COMP
0x0002b840 COMP
0x0002b880 COMP
0x0002b8c0 COMP
0x0002b900 COMP
0x0002b940 COMP
0x0002b980 COMP
0x0002b9c0 COMP
0x0002ba00 COMP
0x0002ba40 COMP
0x0002ba80 COMP
0x0002bac0 COMP
0x0002bb00 COMP
0x0002bb40 COMP
0x0002bb80 COMP
0x0002bbc0 COMP
0x0002bc00 COMP
0x0002bc40 COMP
0x0002bc80 COMP
0x0002bcc0 COMP
0x0002bd00 COMP
0x0002bd40 COMP
0x0002bd80 COMP
0x0002bdc0 COMP
0x0002be00 COMP
0x0002be40 COMP
0x0002be80 COMP
0x0002bec0 COMP
0x0002bf00 COMP
0x0002bf40 COMP
0x0002bf80 COMP
0x0002bfc0 COMP
READRES
0x0002c000 G_ACT0
0x0802c000 G_ACT1
0x1002c000 G_ACT2
0x1802c000 G_ACT3
0x0002c000 COMP
0x0002c040 COMP
0x0002c080 COMP
0x0002c0c0 COMP
0x0002c100 COMP
0x0002c140 COMP
0x0002c180 COMP
0x0002c1c0 COMP
0x0002c200 COMP
0x0002c240 COMP
0x0002c280 COMP
0x0002c2c0 COMP
0x0002c300 COMP
0x0002c340 COMP
0x0002c380 COMP
0x0002c3c0 COMP
0x0002c400 COMP
0x0002c440 COMP
0x0002c480 COMP
0x0002c4c0 COMP
0x0002c500 COMP
0x0002c540 COMP
0x0002c580 COMP
0x0002c5c0 COMP
0x0002c600 COMP
0x0002c640 COMP
0x0002c680 COMP
0x0002c6c0 COMP
0x0002c700 COMP
0x0002c740 COMP
0x0002c780 COMP
0x0002c7c0 COMP
READRES
0x0002c800 G_ACT0
0x0802c800 G_ACT1
0x1002c800 G_ACT2
0x1802c800 G_ACT3
0x0002c800 COMP
0x0002c840 COMP
0x0002c880 COMP
0x0002c8c0 COMP
0x0002c900 COMP
0x0002c940 COMP
0x0002c980 COMP
0x0002c9c0 COMP
0x0002ca00 COMP
0x0002ca40 COMP
0x0002ca80 COMP
0x0002cac0 COMP
0x0002cb00 COMP
0x0002cb40 COMP
0x0002cb80 COMP
0x0002cbc0 COMP
0x0002cc00 COMP
0x0002cc40 COMP
0x0002cc80 COMP
0x0002ccc0 COMP
0x0002cd00 COMP
0x0002cd40 COMP
0x0002cd80 COMP
0x0002cdc0 COMP
0x0002ce00 COMP
0x0002ce40 COMP
0x0002ce80 COMP
0x0002cec0 COMP
0x0002cf00 COMP
0x0002cf40 COMP
0x0002cf80 COMP
0x0002cfc0 COMP
READRES
0x0002d000 G_ACT0
0x0802d000 G_ACT1
0x1002d000 G_ACT2
0x1802d000 G_ACT3
0x0002d000 COMP
0x0002d040 COMP
0x0002d080 COMP
0x0002d0c0 COMP
0x0002d100 COMP
0x0002d140 COMP
0x0002d180 COMP
0x0002d1c0 COMP
0x0002d200 COMP
0x0002d240 COMP
0x0002d280 COMP
0x0002d2c0 COMP
0x0002d300 COMP
0x0002d340 COMP
0x0002d380 COMP
0x0002d3c0 COMP
0x0002d400 COMP
0x0002d440 COMP
0x0002d480 COMP
0x0002d4c0 COMP
0x0002d500 COMP
0x0002d540 COMP
0x0002d580 COMP
0x0002d5c0 COMP
0x0002d600 COMP
0x0002d640 COMP
0x0002d680 COMP
0x0002d6c0 COMP
0x0002d700 COMP
0x0002d740 COMP
0x0002d780 COMP
0x0002d7c0 COMP
READRES
0x0002d800 G_ACT0
0x0802d800 G_ACT1
0x1002d800 G_ACT2
0x1802d800 G_ACT3
0x0002d800 COMP
0x0002d840 COMP
0x0002d880 COMP
0x0002d8c0 COMP
0x0002d900 COMP
0x0002d940 COMP
0x0002d980 COMP
0x0002d9c0 COMP
0x0002da00 COMP
0x0002da40 COMP
0x0002da80 COMP
0x0002dac0 COMP
0x0002db00 COMP
0x0002db40 COMP
0x0002db80 COMP
0x0002dbc0 COMP
0x0002dc00 COMP
0x0002dc40 COMP
0x0002dc80 COMP
0x0002dcc0 COMP
0x0002dd00 COMP
0x0002dd40 COMP
0x0002dd80 COMP
0x0002ddc0 COMP
0x0002de00 COMP
0x0002de40 COMP
0x0002de80 COMP
0x0002dec0 COMP
0x0002df00 COMP
0x0002df40 COMP
0x0002df80 COMP
0x0002dfc0 COMP
READRES
0x0002e000 G_ACT0
0x0802e000 G_ACT1
0x1002e000 G_ACT2
0x1802e000 G_ACT3
0x0002e000 COMP
0x0002e040 COMP
0x0002e080 COMP
0x0002e0c0 COMP
0x0002e100 COMP
0x0002e140 COMP
0x0002e180 COMP
0x0002e1c0 COMP
0x0002e200 COMP
0x0002e240 COMP
0x0002e280 COMP
0x0002e2c0 COMP
0x0002e300 COMP
0x0002e340 COMP
0x0002e380 COMP
0x0002e3c0 COMP
0x0002e400 COMP
0x0002e440 COMP
0x0002e480 COMP
0x0002e4c0 COMP
0x0002e500 COMP
0x0002e540 COMP
0x0002e580 COMP
0x0002e5c0 COMP
0x0002e600 COMP
0x0002e640 COMP
0x0002e680 COMP
0x0002e6c0 COMP
0x0002e700 COMP
0x0002e740 COMP
0x0002e780 COMP
0x0002e7c0 COMP
READRES
0x0002e800 G_ACT0
0x0802e800 G_ACT1
0x1002e800 G_ACT2
0x1802e800 G_ACT3
0x0002e800 COMP
0x0002e840 COMP
0x0002e880 COMP
0x0002e8c0 COMP
0x0002e900 COMP
0x0002e940 COMP
0x0002e980 COMP
0x0002e9c0 COMP
0x0002ea00 COMP
0x0002ea40 COMP
0x0002ea80 COMP
0x0002eac0 COMP
0x0002eb00 COMP
0x0002eb40 COMP
0x0002eb80 COMP
0x0002ebc0 COMP
0x0002ec00 COMP
0x0002ec40 COMP
0x0002ec80 COMP
0x0002ecc0 COMP
0x0002ed00 COMP
0x0002ed40 COMP
0x0002ed80 COMP
0x0002edc0 COMP
0x0002ee00 COMP
0x0002ee40 COMP
0x0002ee80 COMP
0x0002eec0 COMP
0x0002ef00 COMP
0x0002ef40 COMP
0x0002ef80 COMP
0x0002efc0 COMP
READRES
0x0002f000 G_ACT0
0x0802f000 G_ACT1
0x1002f000 G_ACT2
0x1802f000 G_ACT3
0x0002f000 COMP
0x0002f040 COMP
0x0002f080 COMP
0x0002f0c0 COMP
0x0002f100 COMP
0x0002f140 COMP
0x0002f180 COMP
0x0002f1c0 COMP
0x0002f200 COMP
0x0002f240 COMP
0x0002f280 COMP
0x0002f2c0 COMP
0x0002f300 COMP
0x0002f340 COMP
0x0002f380 COMP
0x0002f3c0 COMP
0x0002f400 COMP
0x0002f440 COMP
0x0002f480 COMP
0x0002f4c0 COMP
0x0002f500 COMP
0x0002f540 COMP
0x0002f580 COMP
0x0002f5c0 COMP
0x0002f600 COMP
0x0002f640 COMP
0x0002f680 COMP
0x0002f6c0 COMP
0x0002f700 COMP
0x0002f740 COMP
0x0002f780 COMP
0x0002f7c0 COMP
READRES
0x0002f800 G_ACT0
0x0802f800 G_ACT1
0x1002f800 G_ACT2
0x1802f800 G_ACT3
0x0002f800 COMP
0x0002f840 COMP
0x0002f880 COMP
0x0002f8c0 COMP
0x0002f900 COMP
0x0002f940 COMP
0x0002f980 COMP
0x0002f9c0 COMP
0x0002fa00 COMP
0x0002fa40 COMP
0x0002fa80 COMP
0x0002fac0 COMP
0x0002fb00 COMP
0x0002fb40 COMP
0x0002fb80 COMP
0x0002fbc0 COMP
0x0002fc00 COMP
0x0002fc40 COMP
0x0002fc80 COMP
0x0002fcc0 COMP
0x0002fd00 COMP
0x0002fd40 COMP
0x0002fd80 COMP
0x0002fdc0 COMP
0x0002fe00 COMP
0x0002fe40 COMP
0x0002fe80 COMP
0x0002fec0 COMP
0x0002ff00 COMP
0x0002ff40 COMP
0x0002ff80 COMP
0x0002ffc0 COMP
READRES
0x00030000 G_ACT0
0x08030000 G_ACT1
0x10030000 G_ACT2
0x18030000 G_ACT3
0x00030000 COMP
0x00030040 COMP
0x00030080 COMP
0x000300c0 COMP
0x00030100 COMP
0x00030140 COMP
0x00030180 COMP
0x000301c0 COMP
0x00030200 COMP
0x00030240 COMP
0x00030280 COMP
0x000302c0 COMP
0x00030300 COMP
0x00030340 COMP
0x00030380 COMP
0x000303c0 COMP
0x00030400 COMP
0x00030440 COMP
0x00030480 COMP
0x000304c0 COMP
0x00030500 COMP
0x00030540 COMP
0x00030580 COMP
0x000305c0 COMP
0x00030600 COMP
0x00030640 COMP
0x00030680 COMP
0x000306c0 COMP
0x00030700 COMP
0x00030740 COMP
0x00030780 COMP
0x000307c0 COMP
READRES
0x00030800 G_ACT0
0x08030800 G_ACT1
0x10030800 G_ACT2
0x18030800 G_ACT3
0x00030800 COMP
0x00030840 COMP
0x00030880 COMP
0x000308c0 COMP
0x00030900 COMP
0x00030940 COMP
0x00030980 COMP
0x000309c0 COMP
0x00030a00 COMP
0x00030a40 COMP
0x00030a80 COMP
0x00030ac0 COMP
0x00030b00 COMP
0x00030b40 COMP
0x00030b80 COMP
0x00030bc0 COMP
0x00030c00 COMP
0x00030c40 COMP
0x00030c80 COMP
0x00030cc0 COMP
0x00030d00 COMP
0x00030d40 COMP
0x00030d80 COMP
0x00030dc0 COMP
0x00030e00 COMP
0x00030e40 COMP
0x00030e80 COMP
0x00030ec0 COMP
0x00030f00 COMP
0x00030f40 COMP
0x00030f80 COMP
0x00030fc0 COMP
READRES
0x00031000 G_ACT0
0x08031000 G_ACT1
0x10031000 G_ACT2
0x18031000 G_ACT3
0x00031000 COMP
0x00031040 COMP
0x00031080 COMP
0x000310c0 COMP
0x00031100 COMP
0x00031140 COMP
0x00031180 COMP
0x000311c0 COMP
0x00031200 COMP
0x00031240 COMP
0x00031280 COMP
0x000312c0 COMP
0x00031300 COMP
0x00031340 COMP
0x00031380 COMP
0x000313c0 COMP
0x00031400 COMP
0x00031440 COMP
0x00031480 COMP
0x000314c0 COMP
0x00031500 COMP
0x00031540 COMP
0x00031580 COMP
0x000315c0 COMP
0x00031600 COMP
0x00031640 COMP
0x00031680 COMP
0x000316c0 COMP
0x00031700 COMP
0x00031740 COMP
0x00031780 COMP
0x000317c0 COMP
READRES
0x00031800 G_ACT0
0x08031800 G_ACT1
0x10031800 G_ACT2
0x18031800 G_ACT3
0x00031800 COMP
0x00031840 COMP
0x00031880 COMP
0x000318c0 COMP
0x00031900 COMP
0x00031940 COMP
0x00031980 COMP
0x000319c0 COMP
0x00031a00 COMP
0x00031a40 COMP
0x00031a80 COMP
0x00031ac0 COMP
0x00031b00 COMP
0x00031b40 COMP
0x00031b80 COMP
0x00031bc0 COMP
0x00031c00 COMP
0x00031c40 COMP
0x00031c80 COMP
0x00031cc0 COMP
0x00031d00 COMP
0x00031d40 COMP
0x00031d80 COMP
0x00031dc0 COMP
0x00031e00 COMP
0x00031e40 COMP
0x00031e80 COMP
0x00031ec0 COMP
0x00031f00 COMP
0x00031f40 COMP
0x00031f80 COMP
0x00031fc0 COMP
READRES
0x00032000 G_ACT0
0x08032000 G_ACT1
0x10032000 G_ACT2
0x18032000 G_ACT3
0x00032000 COMP
0x00032040 COMP
0x00032080 COMP
0x000320c0 COMP
0x00032100 COMP
0x00032140 COMP
0x00032180 COMP
0x000321c0 COMP
0x00032200 COMP
0x00032240 COMP
0x00032280 COMP
0x000322c0 COMP
0x00032300 COMP
0x00032340 COMP
0x00032380 COMP
0x000323c0 COMP
0x00032400 COMP
0x00032440 COMP
0x00032480 COMP
0x000324c0 COMP
0x00032500 COMP
0x00032540 COMP
0x00032580 COMP
0x000325c0 COMP
0x00032600 COMP
0x00032640 COMP
0x00032680 COMP
0x000326c0 COMP
0x00032700 COMP
0x00032740 COMP
0x00032780 COMP
0x000327c0 COMP
READRES
0x00032800 G_ACT0
0x08032800 G_ACT1
0x10032800 G_ACT2
0x18032800 G_ACT3
0x00032800 COMP
0x00032840 COMP
0x00032880 COMP
0x000328c0 COMP
0x00032900 COMP
0x00032940 COMP
0x00032980 COMP
0x000329c0 COMP
0x00032a00 COMP
0x00032a40 COMP
0x00032a80 COMP
0x00032ac0 COMP
0x00032b00 COMP
0x00032b40 COMP
0x00032b80 COMP
0x00032bc0 COMP
0x00032c00 COMP
0x00032c40 COMP
0x00032c80 COMP
0x00032cc0 COMP
0x00032d00 COMP
0x00032d40 COMP
0x00032d80 COMP
0x00032dc0 COMP
0x00032e00 COMP
0x00032e40 COMP
0x00032e80 COMP
0x00032ec0 COMP
0x00032f00 COMP
0x00032f40 COMP
0x00032f80 COMP
0x00032fc0 COMP
READRES
0x00033000 G_ACT0
0x08033000 G_ACT1
0x10033000 G_ACT2
0x18033000 G_ACT3
0x00033000 COMP
0x00033040 COMP
0x00033080 COMP
0x000330c0 COMP
0x00033100 COMP
0x00033140 COMP
0x00033180 COMP
0x000331c0 COMP
0x00033200 COMP
0x00033240 COMP
0x00033280 COMP
0x000332c0 COMP
0x00033300 COMP
0x00033340 COMP
0x00033380 COMP
0x000333c0 COMP
0x00033400 COMP
0x00033440 COMP
0x00033480 COMP
0x000334c0 COMP
0x00033500 COMP
0x00033540 COMP
0x00033580 COMP
0x000335c0 COMP
0x00033600 COMP
0x00033640 COMP
0x00033680 COMP
0x000336c0 COMP
0x00033700 COMP
0x00033740 COMP
0x00033780 COMP
0x000337c0 COMP
READRES
0x00033800 G_ACT0
0x08033800 G_ACT1
0x10033800 G_ACT2
0x18033800 G_ACT3
0x00033800 COMP
0x00033840 COMP
0x00033880 COMP
0x000338c0 COMP
0x00033900 COMP
0x00033940 COMP
0x00033980 COMP
0x000339c0 COMP
0x00033a00 COMP
0x00033a40 COMP
0x00033a80 COMP
0x00033ac0 COMP
0x00033b00 COMP
0x00033b40 COMP
0x00033b80 COMP
0x00033bc0 COMP
0x00033c00 COMP
0x00033c40 COMP
0x00033c80 COMP
0x00033cc0 COMP
0x00033d00 COMP
0x00033d40 COMP
0x00033d80 COMP
0x00033dc0 COMP
0x00033e00 COMP
0x00033e40 COMP
0x00033e80 COMP
0x00033ec0 COMP
0x00033f00 COMP
0x00033f40 COMP
0x00033f80 COMP
0x00033fc0 COMP
READRES
0x00034000 G_ACT0
0x08034000 G_ACT1
0x10034000 G_ACT2
0x18034000 G_ACT3
0x00034000 COMP
0x00034040 COMP
0x00034080 COMP
0x000340c0 COMP
0x00034100 COMP
0x00034140 COMP
0x00034180 COMP
0x000341c0 COMP
0x00034200 COMP
0x00034240 COMP
0x00034280 COMP
0x000342c0 COMP
0x00034300 COMP
0x00034340 COMP
0x00034380 COMP
0x000343c0 COMP
0x00034400 COMP
0x00034440 COMP
0x00034480 COMP
0x000344c0 COMP
0x00034500 COMP
0x00034540 COMP
0x00034580 COMP
0x000345c0 COMP
0x00034600 COMP
0x00034640 COMP
0x00034680 COMP
0x000346c0 COMP
0x00034700 COMP
0x00034740 COMP
0x00034780 COMP
0x000347c0 COMP
READRES
0x00034800 G_ACT0
0x08034800 G_ACT1
0x10034800 G_ACT2
0x18034800 G_ACT3
0x00034800 COMP
0x00034840 COMP
0x00034880 COMP
0x000348c0 COMP
0x00034900 COMP
0x00034940 COMP
0x00034980 COMP
0x000349c0 COMP
0x00034a00 COMP
0x00034a40 COMP
0x00034a80 COMP
0x00034ac0 COMP
0x00034b00 COMP
0x00034b40 COMP
0x00034b80 COMP
0x00034bc0 COMP
0x00034c00 COMP
0x00034c40 COMP
0x00034c80 COMP
0x00034cc0 COMP
0x00034d00 COMP
0x00034d40 COMP
0x00034d80 COMP
0x00034dc0 COMP
0x00034e00 COMP
0x00034e40 COMP
0x00034e80 COMP
0x00034ec0 COMP
0x00034f00 COMP
0x00034f40 COMP
0x00034f80 COMP
0x00034fc0 COMP
READRES
0x00035000 G_ACT0
0x08035000 G_ACT1
0x10035000 G_ACT2
0x18035000 G_ACT3
0x00035000 COMP
0x00035040 COMP
0x00035080 COMP
0x000350c0 COMP
0x00035100 COMP
0x00035140 COMP
0x00035180 COMP
0x000351c0 COMP
0x00035200 COMP
0x00035240 COMP
0x00035280 COMP
0x000352c0 COMP
0x00035300 COMP
0x00035340 COMP
0x00035380 COMP
0x000353c0 COMP
0x00035400 COMP
0x00035440 COMP
0x00035480 COMP
0x000354c0 COMP
0x00035500 COMP
0x00035540 COMP
0x00035580 COMP
0x000355c0 COMP
0x00035600 COMP
0x00035640 COMP
0x00035680 COMP
0x000356c0 COMP
0x00035700 COMP
0x00035740 COMP
0x00035780 COMP
0x000357c0 COMP
READRES
0x00035800 G_ACT0
0x08035800 G_ACT1
0x10035800 G_ACT2
0x18035800 G_ACT3
0x00035800 COMP
0x00035840 COMP
0x00035880 COMP
0x000358c0 COMP
0x00035900 COMP
0x00035940 COMP
0x00035980 COMP
0x000359c0 COMP
0x00035a00 COMP
0x00035a40 COMP
0x00035a80 COMP
0x00035ac0 COMP
0x00035b00 COMP
0x00035b40 COMP
0x00035b80 COMP
0x00035bc0 COMP
0x00035c00 COMP
0x00035c40 COMP
0x00035c80 COMP
0x00035cc0 COMP
0x00035d00 COMP
0x00035d40 COMP
0x00035d80 COMP
0x00035dc0 COMP
0x00035e00 COMP
0x00035e40 COMP
0x00035e80 COMP
0x00035ec0 COMP
0x00035f00 COMP
0x00035f40 COMP
0x00035f80 COMP
0x00035fc0 COMP
READRES
0x00036000 G_ACT0
0x08036000 G_ACT1
0x10036000 G_ACT2
0x18036000 G_ACT3
0x00036000 COMP
0x00036040 COMP
0x00036080 COMP
0x000360c0 COMP
0x00036100 COMP
0x00036140 COMP
0x00036180 COMP
0x000361c0 COMP
0x00036200 COMP
0x00036240 COMP
0x00036280 COMP
0x000362c0 COMP
0x00036300 COMP
0x00036340 COMP
0x00036380 COMP
0x000363c0 COMP
0x00036400 COMP
0x00036440 COMP
0x00036480 COMP
0x000364c0 COMP
0x00036500 COMP
0x00036540 COMP
0x00036580 COMP
0x000365c0 COMP
0x00036600 COMP
0x00036640 COMP
0x00036680 COMP
0x000366c0 COMP
0x00036700 COMP
0x00036740 COMP
0x00036780 COMP
0x000367c0 COMP
READRES
0x00036800 G_ACT0
0x08036800 G_ACT1
0x10036800 G_ACT2
0x18036800 G_ACT3
0x00036800 COMP
0x00036840 COMP
0x00036880 COMP
0x000368c0 COMP
0x00036900 COMP
0x00036940 COMP
0x00036980 COMP
0x000369c0 COMP
0x00036a00 COMP
0x00036a40 COMP
0x00036a80 COMP
0x00036ac0 COMP
0x00036b00 COMP
0x00036b40 COMP
0x00036b80 COMP
0x00036bc0 COMP
0x00036c00 COMP
0x00036c40 COMP
0x00036c80 COMP
0x00036cc0 COMP
0x00036d00 COMP
0x00036d40 COMP
0x00036d80 COMP
0x00036dc0 COMP
0x00036e00 COMP
0x00036e40 COMP
0x00036e80 COMP
0x00036ec0 COMP
0x00036f00 COMP
0x00036f40 COMP
0x00036f80 COMP
0x00036fc0 COMP
READRES
0x00037000 G_ACT0
0x08037000 G_ACT1
0x10037000 G_ACT2
0x18037000 G_ACT3
0x00037000 COMP
0x00037040 COMP
0x00037080 COMP
0x000370c0 COMP
0x00037100 COMP
0x00037140 COMP
0x00037180 COMP
0x000371c0 COMP
0x00037200 COMP
0x00037240 COMP
0x00037280 COMP
0x000372c0 COMP
0x00037300 COMP
0x00037340 COMP
0x00037380 COMP
0x000373c0 COMP
0x00037400 COMP
0x00037440 COMP
0x00037480 COMP
0x000374c0 COMP
0x00037500 COMP
0x00037540 COMP
0x00037580 COMP
0x000375c0 COMP
0x00037600 COMP
0x00037640 COMP
0x00037680 COMP
0x000376c0 COMP
0x00037700 COMP
0x00037740 COMP
0x00037780 COMP
0x000377c0 COMP
READRES
0x00037800 G_ACT0
0x08037800 G_ACT1
0x10037800 G_ACT2
0x18037800 G_ACT3
0x00037800 COMP
0x00037840 COMP
0x00037880 COMP
0x000378c0 COMP
0x00037900 COMP
0x00037940 COMP
0x00037980 COMP
0x000379c0 COMP
0x00037a00 COMP
0x00037a40 COMP
0x00037a80 COMP
0x00037ac0 COMP
0x00037b00 COMP
0x00037b40 COMP
0x00037b80 COMP
0x00037bc0 COMP
0x00037c00 COMP
0x00037c40 COMP
0x00037c80 COMP
0x00037cc0 COMP
0x00037d00 COMP
0x00037d40 COMP
0x00037d80 COMP
0x00037dc0 COMP
0x00037e00 COMP
0x00037e40 COMP
0x00037e80 COMP
0x00037ec0 COMP
0x00037f00 COMP
0x00037f40 COMP
0x00037f80 COMP
0x00037fc0 COMP
READRES
0x00038000 G_ACT0
0x08038000 G_ACT1
0x10038000 G_ACT2
0x18038000 G_ACT3
0x00038000 COMP
0x00038040 COMP
0x00038080 COMP
0x000380c0 COMP
0x00038100 COMP
0x00038140 COMP
0x00038180 COMP
0x000381c0 COMP
0x00038200 COMP
0x00038240 COMP
0x00038280 COMP
0x000382c0 COMP
0x00038300 COMP
0x00038340 COMP
0x00038380 COMP
0x000383c0 COMP
0x00038400 COMP
0x00038440 COMP
0x00038480 COMP
0x000384c0 COMP
0x00038500 COMP
0x00038540 COMP
0x00038580 COMP
0x000385c0 COMP
0x00038600 COMP
0x00038640 COMP
0x00038680 COMP
0x000386c0 COMP
0x00038700 COMP
0x00038740 COMP
0x00038780 COMP
0x000387c0 COMP
READRES
0x00038800 G_ACT0
0x08038800 G_ACT1
0x10038800 G_ACT2
0x18038800 G_ACT3
0x00038800 COMP
0x00038840 COMP
0x00038880 COMP
0x000388c0 COMP
0x00038900 COMP
0x00038940 COMP
0x00038980 COMP
0x000389c0 COMP
0x00038a00 COMP
0x00038a40 COMP
0x00038a80 COMP
0x00038ac0 COMP
0x00038b00 COMP
0x00038b40 COMP
0x00038b80 COMP
0x00038bc0 COMP
0x00038c00 COMP
0x00038c40 COMP
0x00038c80 COMP
0x00038cc0 COMP
0x00038d00 COMP
0x00038d40 COMP
0x00038d80 COMP
0x00038dc0 COMP
0x00038e00 COMP
0x00038e40 COMP
0x00038e80 COMP
0x00038ec0 COMP
0x00038f00 COMP
0x00038f40 COMP
0x00038f80 COMP
0x00038fc0 COMP
READRES
0x00039000 G_ACT0
0x08039000 G_ACT1
0x10039000 G_ACT2
0x18039000 G_ACT3
0x00039000 COMP
0x00039040 COMP
0x00039080 COMP
0x000390c0 COMP
0x00039100 COMP
0x00039140 COMP
0x00039180 COMP
0x000391c0 COMP
0x00039200 COMP
0x00039240 COMP
0x00039280 COMP
0x000392c0 COMP
0x00039300 COMP
0x00039340 COMP
0x00039380 COMP
0x000393c0 COMP
0x00039400 COMP
0x00039440 COMP
0x00039480 COMP
0x000394c0 COMP
0x00039500 COMP
0x00039540 COMP
0x00039580 COMP
0x000395c0 COMP
0x00039600 COMP
0x00039640 COMP
0x00039680 COMP
0x000396c0 COMP
0x00039700 COMP
0x00039740 COMP
0x00039780 COMP
0x000397c0 COMP
READRES
0x00039800 G_ACT0
0x08039800 G_ACT1
0x10039800 G_ACT2
0x18039800 G_ACT3
0x00039800 COMP
0x00039840 COMP
0x00039880 COMP
0x000398c0 COMP
0x00039900 COMP
0x00039940 COMP
0x00039980 COMP
0x000399c0 COMP
0x00039a00 COMP
0x00039a40 COMP
0x00039a80 COMP
0x00039ac0 COMP
0x00039b00 COMP
0x00039b40 COMP
0x00039b80 COMP
0x00039bc0 COMP
0x00039c00 COMP
0x00039c40 COMP
0x00039c80 COMP
0x00039cc0 COMP
0x00039d00 COMP
0x00039d40 COMP
0x00039d80 COMP
0x00039dc0 COMP
0x00039e00 COMP
0x00039e40 COMP
0x00039e80 COMP
0x00039ec0 COMP
0x00039f00 COMP
0x00039f40 COMP
0x00039f80 COMP
0x00039fc0 COMP
READRES
0x0003a000 G_ACT0
0x0803a000 G_ACT1
0x1003a000 G_ACT2
0x1803a000 G_ACT3
0x0003a000 COMP
0x0003a040 COMP
0x0003a080 COMP
0x0003a0c0 COMP
0x0003a100 COMP
0x0003a140 COMP
0x0003a180 COMP
0x0003a1c0 COMP
0x0003a200 COMP
0x0003a240 COMP
0x0003a280 COMP
0x0003a2c0 COMP
0x0003a300 COMP
0x0003a340 COMP
0x0003a380 COMP
0x0003a3c0 COMP
0x0003a400 COMP
0x0003a440 COMP
0x0003a480 COMP
0x0003a4c0 COMP
0x0003a500 COMP
0x0003a540 COMP
0x0003a580 COMP
0x0003a5c0 COMP
0x0003a600 COMP
0x0003a640 COMP
0x0003a680 COMP
0x0003a6c0 COMP
0x0003a700 COMP
0x0003a740 COMP
0x0003a780 COMP
0x0003a7c0 COMP
READRES
0x0003a800 G_ACT0
0x0803a800 G_ACT1
0x1003a800 G_ACT2
0x1803a800 G_ACT3
0x0003a800 COMP
0x0003a840 COMP
0x0003a880 COMP
0x0003a8c0 COMP
0x0003a900 COMP
0x0003a940 COMP
0x0003a980 COMP
0x0003a9c0 COMP
0x0003aa00 COMP
0x0003aa40 COMP
0x0003aa80 COMP
0x0003aac0 COMP
0x0003ab00 COMP
0x0003ab40 COMP
0x0003ab80 COMP
0x0003abc0 COMP
0x0003ac00 COMP
0x0003ac40 COMP
0x0003ac80 COMP
0x0003acc0 COMP
0x0003ad00 COMP
0x0003ad40 COMP
0x0003ad80 COMP
0x0003adc0 COMP
0x0003ae00 COMP
0x0003ae40 COMP
0x0003ae80 COMP
0x0003aec0 COMP
0x0003af00 COMP
0x0003af40 COMP
0x0003af80 COMP
0x0003afc0 COMP
READRES
0x0003b000 G_ACT0
0x0803b000 G_ACT1
0x1003b000 G_ACT2
0x1803b000 G_ACT3
0x0003b000 COMP
0x0003b040 COMP
0x0003b080 COMP
0x0003b0c0 COMP
0x0003b100 COMP
0x0003b140 COMP
0x0003b180 COMP
0x0003b1c0 COMP
0x0003b200 COMP
0x0003b240 COMP
0x0003b280 COMP
0x0003b2c0 COMP
0x0003b300 COMP
0x0003b340 COMP
0x0003b380 COMP
0x0003b3c0 COMP
0x0003b400 COMP
0x0003b440 COMP
0x0003b480 COMP
0x0003b4c0 COMP
0x0003b500 COMP
0x0003b540 COMP
0x0003b580 COMP
0x0003b5c0 COMP
0x0003b600 COMP
0x0003b640 COMP
0x0003b680 COMP
0x0003b6c0 COMP
0x0003b700 COMP
0x0003b740 COMP
0x0003b780 COMP
0x0003b7c0 COMP
READRES
0x0003b800 G_ACT0
0x0803b800 G_ACT1
0x1003b800 G_ACT2
0x1803b800 G_ACT3
0x0003b800 COMP
0x0003b840 COMP
0x0003b880 COMP
0x0003b8c0 COMP
0x0003b900 COMP
0x0003b940 COMP
0x0003b980 COMP
0x0003b9c0 COMP
0x0003ba00 COMP
0x0003ba40 COMP
0x0003ba80 COMP
0x0003bac0 COMP
0x0003bb00 COMP
0x0003bb40 COMP
0x0003bb80 COMP
0x0003bbc0 COMP
0x0003bc00 COMP
0x0003bc40 COMP
0x0003bc80 COMP
0x0003bcc0 COMP
0x0003bd00 COMP
0x0003bd40 COMP
0x0003bd80 COMP
0x0003bdc0 COMP
0x0003be00 COMP
0x0003be40 COMP
0x0003be80 COMP
0x0003bec0 COMP
0x0003bf00 COMP
0x0003bf40 COMP
0x0003bf80 COMP
0x0003bfc0 COMP
READRES
0x0003c000 G_ACT0
0x0803c000 G_ACT1
0x1003c000 G_ACT2
0x1803c000 G_ACT3
0x0003c000 COMP
0x0003c040 COMP
0x0003c080 COMP
0x0003c0c0 COMP
0x0003c100 COMP
0x0003c140 COMP
0x0003c180 COMP
0x0003c1c0 COMP
0x0003c200 COMP
0x0003c240 COMP
0x0003c280 COMP
0x0003c2c0 COMP
0x0003c300 COMP
0x0003c340 COMP
0x0003c380 COMP
0x0003c3c0 COMP
0x0003c400 COMP
0x0003c440 COMP
0x0003c480 COMP
0x0003c4c0 COMP
0x0003c500 COMP
0x0003c540 COMP
0x0003c580 COMP
0x0003c5c0 COMP
0x0003c600 COMP
0x0003c640 COMP
0x0003c680 COMP
0x0003c6c0 COMP
0x0003c700 COMP
0x0003c740 COMP
0x0003c780 COMP
0x0003c7c0 COMP
READRES
0x0003c800 G_ACT0
0x0803c800 G_ACT1
0x1003c800 G_ACT2
0x1803c800 G_ACT3
0x0003c800 COMP
0x0003c840 COMP
0x0003c880 COMP
0x0003c8c0 COMP
0x0003c900 COMP
0x0003c940 COMP
0x0003c980 COMP
0x0003c9c0 COMP
0x0003ca00 COMP
0x0003ca40 COMP
0x0003ca80 COMP
0x0003cac0 COMP
0x0003cb00 COMP
0x0003cb40 COMP
0x0003cb80 COMP
0x0003cbc0 COMP
0x0003cc00 COMP
0x0003cc40 COMP
0x0003cc80 COMP
0x0003ccc0 COMP
0x0003cd00 COMP
0x0003cd40 COMP
0x0003cd80 COMP
0x0003cdc0 COMP
0x0003ce00 COMP
0x0003ce40 COMP
0x0003ce80 COMP
0x0003cec0 COMP
0x0003cf00 COMP
0x0003cf40 COMP
0x0003cf80 COMP
0x0003cfc0 COMP
READRES
0x0003d000 G_ACT0
0x0803d000 G_ACT1
0x1003d000 G_ACT2
0x1803d000 G_ACT3
0x0003d000 COMP
0x0003d040 COMP
0x0003d080 COMP
0x0003d0c0 COMP
0x0003d100 COMP
0x0003d140 COMP
0x0003d180 COMP
0x0003d1c0 COMP
0x0003d200 COMP
0x0003d240 COMP
0x0003d280 COMP
0x0003d2c0 COMP
0x0003d300 COMP
0x0003d340 COMP
0x0003d380 COMP
0x0003d3c0 COMP
0x0003d400 COMP
0x0003d440 COMP
0x0003d480 COMP
0x0003d4c0 COMP
0x0003d500 COMP
0x0003d540 COMP
0x0003d580 COMP
0x0003d5c0 COMP
0x0003d600 COMP
0x0003d640 COMP
0x0003d680 COMP
0x0003d6c0 COMP
0x0003d700 COMP
0x0003d740 COMP
0x0003d780 COMP
0x0003d7c0 COMP
READRES
0x0003d800 G_ACT0
0x0803d800 G_ACT1
0x1003d800 G_ACT2
0x1803d800 G_ACT3
0x0003d800 COMP
0x0003d840 COMP
0x0003d880 COMP
0x0003d8c0 COMP
0x0003d900 COMP
0x0003d940 COMP
0x0003d980 COMP
0x0003d9c0 COMP
0x0003da00 COMP
0x0003da40 COMP
0x0003da80 COMP
0x0003dac0 COMP
0x0003db00 COMP
0x0003db40 COMP
0x0003db80 COMP
0x0003dbc0 COMP
0x0003dc00 COMP
0x0003dc40 COMP
0x0003dc80 COMP
0x0003dcc0 COMP
0x0003dd00 COMP
0x0003dd40 COMP
0x0003dd80 COMP
0x0003ddc0 COMP
0x0003de00 COMP
0x0003de40 COMP
0x0003de80 COMP
0x0003dec0 COMP
0x0003df00 COMP
0x0003df40 COMP
0x0003df80 COMP
0x0003dfc0 COMP
READRES
0x0003e000 G_ACT0
0x0803e000 G_ACT1
0x1003e000 G_ACT2
0x1803e000 G_ACT3
0x0003e000 COMP
0x0003e040 COMP
0x0003e080 COMP
0x0003e0c0 COMP
0x0003e100 COMP
0x0003e140 COMP
0x0003e180 COMP
0x0003e1c0 COMP
0x0003e200 COMP
0x0003e240 COMP
0x0003e280 COMP
0x0003e2c0 COMP
0x0003e300 COMP
0x0003e340 COMP
0x0003e380 COMP
0x0003e3c0 COMP
0x0003e400 COMP
0x0003e440 COMP
0x0003e480 COMP
0x0003e4c0 COMP
0x0003e500 COMP
0x0003e540 COMP
0x0003e580 COMP
0x0003e5c0 COMP
0x0003e600 COMP
0x0003e640 COMP
0x0003e680 COMP
0x0003e6c0 COMP
0x0003e700 COMP
0x0003e740 COMP
0x0003e780 COMP
0x0003e7c0 COMP
READRES
0x0003e800 G_ACT0
0x0803e800 G_ACT1
0x1003e800 G_ACT2
0x1803e800 G_ACT3
0x0003e800 COMP
0x0003e840 COMP
0x0003e880 COMP
0x0003e8c0 COMP
0x0003e900 COMP
0x0003e940 COMP
0x0003e980 COMP
0x0003e9c0 COMP
0x0003ea00 COMP
0x0003ea40 COMP
0x0003ea80 COMP
0x0003eac0 COMP
0x0003eb00 COMP
0x0003eb40 COMP
0x0003eb80 COMP
0x0003ebc0 COMP
0x0003ec00 COMP
0x0003ec40 COMP
0x0003ec80 COMP
0x0003ecc0 COMP
0x0003ed00 COMP
0x0003ed40 COMP
0x0003ed80 COMP
0x0003edc0 COMP
0x0003ee00 COMP
0x0003ee40 COMP
0x0003ee80 COMP
0x0003eec0 COMP
0x0003ef00 COMP
0x0003ef40 COMP
0x0003ef80 COMP
0x0003efc0 COMP
READRES
0x0003f000 G_ACT0
0x0803f000 G_ACT1
0x1003f000 G_ACT2
0x1803f000 G_ACT3
0x0003f000 COMP
0x0003f040 COMP
0x0003f080 COMP
0x0003f0c0 COMP
0x0003f100 COMP
0x0003f140 COMP
0x0003f180 COMP
0x0003f1c0 COMP
0x0003f200 COMP
0x0003f240 COMP
0x0003f280 COMP
0x0003f2c0 COMP
0x0003f300 COMP
0x0003f340 COMP
0x0003f380 COMP
0x0003f3c0 COMP
0x0003f400 COMP
0x0003f440 COMP
0x0003f480 COMP
0x0003f4c0 COMP
0x0003f500 COMP
0x0003f540 COMP
0x0003f580 COMP
0x0003f5c0 COMP
0x0003f600 COMP
0x0003f640 COMP
0x0003f680 COMP
0x0003f6c0 COMP
0x0003f700 COMP
0x0003f740 COMP
0x0003f780 COMP
0x0003f7c0 COMP
READRES
0x0003f800 G_ACT0
0x0803f800 G_ACT1
0x1003f800 G_ACT2
0x1803f800 G_ACT3
0x0003f800 COMP
0x0003f840 COMP
0x0003f880 COMP
0x0003f8c0 COMP
0x0003f900 COMP
0x0003f940 COMP
0x0003f980 COMP
0x0003f9c0 COMP
0x0003fa00 COMP
0x0003fa40 COMP
0x0003fa80 COMP
0x0003fac0 COMP
0x0003fb00 COMP
0x0003fb40 COMP
0x0003fb80 COMP
0x0003fbc0 COMP
0x0003fc00 COMP
0x0003fc40 COMP
0x0003fc80 COMP
0x0003fcc0 COMP
0x0003fd00 COMP
0x0003fd40 COMP
0x0003fd80 COMP
0x0003fdc0 COMP
0x0003fe00 COMP
0x0003fe40 COMP
0x0003fe80 COMP
0x0003fec0 COMP
0x0003ff00 COMP
0x0003ff40 COMP
0x0003ff80 COMP
0x0003ffc0 COMP
READRES
